 INFO [2018/09/25 14:42:09,581] main ContextLoader.initWebApplicationContext(line:285): Root WebApplicationContext: initialization started
DEBUG [2018/09/25 14:42:09,656] main StandardServletEnvironment.addLast(line:107): Adding [servletConfigInitParams] PropertySource with lowest search precedence
DEBUG [2018/09/25 14:42:09,657] main StandardServletEnvironment.addLast(line:107): Adding [servletContextInitParams] PropertySource with lowest search precedence
DEBUG [2018/09/25 14:42:09,661] main StandardServletEnvironment.addLast(line:107): Adding [jndiProperties] PropertySource with lowest search precedence
DEBUG [2018/09/25 14:42:09,662] main StandardServletEnvironment.addLast(line:107): Adding [systemProperties] PropertySource with lowest search precedence
DEBUG [2018/09/25 14:42:09,665] main StandardServletEnvironment.addLast(line:107): Adding [systemEnvironment] PropertySource with lowest search precedence
DEBUG [2018/09/25 14:42:09,665] main StandardServletEnvironment.<init>(line:126): Initialized StandardServletEnvironment with PropertySources [servletConfigInitParams,servletContextInitParams,jndiProperties,systemProperties,systemEnvironment]
DEBUG [2018/09/25 14:42:09,671] main StandardServletEnvironment.replace(line:172): Replacing [servletContextInitParams] PropertySource with [servletContextInitParams]
 INFO [2018/09/25 14:42:09,675] main XmlWebApplicationContext.prepareRefresh(line:510): Refreshing Root WebApplicationContext: startup date [Tue Sep 25 14:42:09 CST 2018]; root of context hierarchy
DEBUG [2018/09/25 14:42:09,716] main StandardEnvironment.addLast(line:107): Adding [systemProperties] PropertySource with lowest search precedence
DEBUG [2018/09/25 14:42:09,716] main StandardEnvironment.addLast(line:107): Adding [systemEnvironment] PropertySource with lowest search precedence
DEBUG [2018/09/25 14:42:09,717] main StandardEnvironment.<init>(line:126): Initialized StandardEnvironment with PropertySources [systemProperties,systemEnvironment]
 INFO [2018/09/25 14:42:09,724] main XmlBeanDefinitionReader.loadBeanDefinitions(line:315): Loading XML bean definitions from class path resource [application-context.xml]
DEBUG [2018/09/25 14:42:09,727] main DefaultDocumentLoader.loadDocument(line:72): Using JAXP provider [com.sun.org.apache.xerces.internal.jaxp.DocumentBuilderFactoryImpl]
DEBUG [2018/09/25 14:42:09,944] main PluggableSchemaResolver.getSchemaMappings(line:140): Loading schema mappings from [META-INF/spring.schemas]
DEBUG [2018/09/25 14:42:09,948] main PluggableSchemaResolver.getSchemaMappings(line:146): Loaded schema mappings: {http://mybatis.org/schema/mybatis-spring-1.2.xsd=org/mybatis/spring/config/mybatis-spring-1.2.xsd, http://www.springframework.org/schema/jee/spring-jee-3.2.xsd=org/springframework/ejb/config/spring-jee-3.2.xsd, http://www.springframework.org/schema/util/spring-util.xsd=org/springframework/beans/factory/xml/spring-util-3.2.xsd, http://www.springframework.org/schema/mvc/spring-mvc-3.1.xsd=org/springframework/web/servlet/config/spring-mvc-3.1.xsd, http://www.springframework.org/schema/task/spring-task.xsd=org/springframework/scheduling/config/spring-task-3.2.xsd, http://www.springframework.org/schema/beans/spring-beans-3.1.xsd=org/springframework/beans/factory/xml/spring-beans-3.1.xsd, http://www.springframework.org/schema/cache/spring-cache.xsd=org/springframework/cache/config/spring-cache-3.2.xsd, http://www.springframework.org/schema/aop/spring-aop-3.0.xsd=org/springframework/aop/config/spring-aop-3.0.xsd, http://www.springframework.org/schema/task/spring-task-3.1.xsd=org/springframework/scheduling/config/spring-task-3.1.xsd, http://www.springframework.org/schema/aop/spring-aop-2.0.xsd=org/springframework/aop/config/spring-aop-2.0.xsd, http://www.springframework.org/schema/tool/spring-tool-2.5.xsd=org/springframework/beans/factory/xml/spring-tool-2.5.xsd, http://www.springframework.org/schema/beans/spring-beans.xsd=org/springframework/beans/factory/xml/spring-beans-3.2.xsd, http://www.springframework.org/schema/jee/spring-jee-2.5.xsd=org/springframework/ejb/config/spring-jee-2.5.xsd, http://www.springframework.org/schema/jdbc/spring-jdbc-3.1.xsd=org/springframework/jdbc/config/spring-jdbc-3.1.xsd, http://www.springframework.org/schema/tool/spring-tool-3.1.xsd=org/springframework/beans/factory/xml/spring-tool-3.1.xsd, http://www.springframework.org/schema/jee/spring-jee-3.1.xsd=org/springframework/ejb/config/spring-jee-3.1.xsd, http://www.springframework.org/schema/aop/spring-aop.xsd=org/springframework/aop/config/spring-aop-3.2.xsd, http://www.springframework.org/schema/context/spring-context-3.2.xsd=org/springframework/context/config/spring-context-3.2.xsd, http://www.springframework.org/schema/tx/spring-tx-3.2.xsd=org/springframework/transaction/config/spring-tx-3.2.xsd, http://www.springframework.org/schema/beans/spring-beans-2.0.xsd=org/springframework/beans/factory/xml/spring-beans-2.0.xsd, http://www.springframework.org/schema/util/spring-util-3.2.xsd=org/springframework/beans/factory/xml/spring-util-3.2.xsd, http://www.springframework.org/schema/mvc/spring-mvc-3.0.xsd=org/springframework/web/servlet/config/spring-mvc-3.0.xsd, http://www.springframework.org/schema/lang/spring-lang-3.2.xsd=org/springframework/scripting/config/spring-lang-3.2.xsd, http://www.springframework.org/schema/beans/spring-beans-3.0.xsd=org/springframework/beans/factory/xml/spring-beans-3.0.xsd, http://www.springframework.org/schema/cache/spring-cache-3.2.xsd=org/springframework/cache/config/spring-cache-3.2.xsd, http://www.springframework.org/schema/task/spring-task-3.0.xsd=org/springframework/scheduling/config/spring-task-3.0.xsd, http://mybatis.org/schema/mybatis-spring.xsd=org/mybatis/spring/config/mybatis-spring-1.2.xsd, http://www.springframework.org/schema/context/spring-context-2.5.xsd=org/springframework/context/config/spring-context-2.5.xsd, http://www.springframework.org/schema/tx/spring-tx-2.5.xsd=org/springframework/transaction/config/spring-tx-2.5.xsd, http://www.springframework.org/schema/jdbc/spring-jdbc-3.0.xsd=org/springframework/jdbc/config/spring-jdbc-3.0.xsd, http://www.springframework.org/schema/tool/spring-tool-3.0.xsd=org/springframework/beans/factory/xml/spring-tool-3.0.xsd, http://www.springframework.org/schema/lang/spring-lang.xsd=org/springframework/scripting/config/spring-lang-3.2.xsd, http://www.springframework.org/schema/tx/spring-tx.xsd=org/springframework/transaction/config/spring-tx-3.2.xsd, http://www.springframework.org/schema/tool/spring-tool-2.0.xsd=org/springframework/beans/factory/xml/spring-tool-2.0.xsd, http://www.springframework.org/schema/util/spring-util-2.5.xsd=org/springframework/beans/factory/xml/spring-util-2.5.xsd, http://www.springframework.org/schema/lang/spring-lang-2.5.xsd=org/springframework/scripting/config/spring-lang-2.5.xsd, http://www.springframework.org/schema/aop/spring-aop-3.2.xsd=org/springframework/aop/config/spring-aop-3.2.xsd, http://www.springframework.org/schema/jee/spring-jee-3.0.xsd=org/springframework/ejb/config/spring-jee-3.0.xsd, http://www.springframework.org/schema/jee/spring-jee-2.0.xsd=org/springframework/ejb/config/spring-jee-2.0.xsd, http://www.springframework.org/schema/context/spring-context-3.1.xsd=org/springframework/context/config/spring-context-3.1.xsd, http://www.springframework.org/schema/tx/spring-tx-3.1.xsd=org/springframework/transaction/config/spring-tx-3.1.xsd, http://www.springframework.org/schema/util/spring-util-3.1.xsd=org/springframework/beans/factory/xml/spring-util-3.1.xsd, http://www.springframework.org/schema/lang/spring-lang-3.1.xsd=org/springframework/scripting/config/spring-lang-3.1.xsd, http://www.springframework.org/schema/cache/spring-cache-3.1.xsd=org/springframework/cache/config/spring-cache-3.1.xsd, http://www.springframework.org/schema/context/spring-context.xsd=org/springframework/context/config/spring-context-3.2.xsd, http://www.springframework.org/schema/jee/spring-jee.xsd=org/springframework/ejb/config/spring-jee-3.2.xsd, http://www.springframework.org/schema/aop/spring-aop-2.5.xsd=org/springframework/aop/config/spring-aop-2.5.xsd, http://www.springframework.org/schema/mvc/spring-mvc.xsd=org/springframework/web/servlet/config/spring-mvc-3.2.xsd, http://www.springframework.org/schema/mvc/spring-mvc-3.2.xsd=org/springframework/web/servlet/config/spring-mvc-3.2.xsd, http://www.springframework.org/schema/jdbc/spring-jdbc.xsd=org/springframework/jdbc/config/spring-jdbc-3.2.xsd, http://www.springframework.org/schema/beans/spring-beans-3.2.xsd=org/springframework/beans/factory/xml/spring-beans-3.2.xsd, http://www.springframework.org/schema/tx/spring-tx-2.0.xsd=org/springframework/transaction/config/spring-tx-2.0.xsd, http://www.springframework.org/schema/aop/spring-aop-3.1.xsd=org/springframework/aop/config/spring-aop-3.1.xsd, http://www.springframework.org/schema/task/spring-task-3.2.xsd=org/springframework/scheduling/config/spring-task-3.2.xsd, http://www.springframework.org/schema/context/spring-context-3.0.xsd=org/springframework/context/config/spring-context-3.0.xsd, http://www.springframework.org/schema/tx/spring-tx-3.0.xsd=org/springframework/transaction/config/spring-tx-3.0.xsd, http://www.springframework.org/schema/tool/spring-tool.xsd=org/springframework/beans/factory/xml/spring-tool-3.2.xsd, http://www.springframework.org/schema/util/spring-util-3.0.xsd=org/springframework/beans/factory/xml/spring-util-3.0.xsd, http://www.springframework.org/schema/lang/spring-lang-3.0.xsd=org/springframework/scripting/config/spring-lang-3.0.xsd, http://www.springframework.org/schema/util/spring-util-2.0.xsd=org/springframework/beans/factory/xml/spring-util-2.0.xsd, http://www.springframework.org/schema/lang/spring-lang-2.0.xsd=org/springframework/scripting/config/spring-lang-2.0.xsd, http://www.springframework.org/schema/jdbc/spring-jdbc-3.2.xsd=org/springframework/jdbc/config/spring-jdbc-3.2.xsd, http://www.springframework.org/schema/tool/spring-tool-3.2.xsd=org/springframework/beans/factory/xml/spring-tool-3.2.xsd, http://www.springframework.org/schema/beans/spring-beans-2.5.xsd=org/springframework/beans/factory/xml/spring-beans-2.5.xsd}
DEBUG [2018/09/25 14:42:09,954] main PluggableSchemaResolver.resolveEntity(line:118): Found XML schema [http://www.springframework.org/schema/beans/spring-beans-3.0.xsd] in classpath: org/springframework/beans/factory/xml/spring-beans-3.0.xsd
DEBUG [2018/09/25 14:42:10,034] main DefaultBeanDefinitionDocumentReader.registerBeanDefinitions(line:106): Loading bean definitions
 INFO [2018/09/25 14:42:10,048] main XmlBeanDefinitionReader.loadBeanDefinitions(line:315): Loading XML bean definitions from URL [jar:file:/C:/Users/hongming/.m2/repository/com/education/gkzx/gkzx-dao/1.0-SNAPSHOT/gkzx-dao-1.0-SNAPSHOT.jar!/applicationContext-dao.xml]
DEBUG [2018/09/25 14:42:10,052] main DefaultDocumentLoader.loadDocument(line:72): Using JAXP provider [com.sun.org.apache.xerces.internal.jaxp.DocumentBuilderFactoryImpl]
DEBUG [2018/09/25 14:42:10,055] main PluggableSchemaResolver.resolveEntity(line:118): Found XML schema [http://www.springframework.org/schema/beans/spring-beans.xsd] in classpath: org/springframework/beans/factory/xml/spring-beans-3.2.xsd
DEBUG [2018/09/25 14:42:10,080] main PluggableSchemaResolver.resolveEntity(line:118): Found XML schema [http://mybatis.org/schema/mybatis-spring.xsd] in classpath: org/mybatis/spring/config/mybatis-spring-1.2.xsd
DEBUG [2018/09/25 14:42:10,087] main DefaultBeanDefinitionDocumentReader.registerBeanDefinitions(line:106): Loading bean definitions
DEBUG [2018/09/25 14:42:10,089] main DefaultNamespaceHandlerResolver.getHandlerMappings(line:156): Loaded NamespaceHandler mappings: {http://www.springframework.org/schema/p=org.springframework.beans.factory.xml.SimplePropertyNamespaceHandler, http://www.springframework.org/schema/mvc=org.springframework.web.servlet.config.MvcNamespaceHandler, http://www.springframework.org/schema/util=org.springframework.beans.factory.xml.UtilNamespaceHandler, http://www.springframework.org/schema/jee=org.springframework.ejb.config.JeeNamespaceHandler, http://www.springframework.org/schema/aop=org.springframework.aop.config.AopNamespaceHandler, http://www.springframework.org/schema/jdbc=org.springframework.jdbc.config.JdbcNamespaceHandler, http://www.springframework.org/schema/cache=org.springframework.cache.config.CacheNamespaceHandler, http://mybatis.org/schema/mybatis-spring=org.mybatis.spring.config.NamespaceHandler, http://www.springframework.org/schema/c=org.springframework.beans.factory.xml.SimpleConstructorNamespaceHandler, http://www.springframework.org/schema/tx=org.springframework.transaction.config.TxNamespaceHandler, http://www.springframework.org/schema/task=org.springframework.scheduling.config.TaskNamespaceHandler, http://www.springframework.org/schema/lang=org.springframework.scripting.config.LangNamespaceHandler, http://www.springframework.org/schema/context=org.springframework.context.config.ContextNamespaceHandler}
DEBUG [2018/09/25 14:42:10,100] main StandardEnvironment.addLast(line:107): Adding [systemProperties] PropertySource with lowest search precedence
DEBUG [2018/09/25 14:42:10,101] main StandardEnvironment.addLast(line:107): Adding [systemEnvironment] PropertySource with lowest search precedence
DEBUG [2018/09/25 14:42:10,102] main StandardEnvironment.<init>(line:126): Initialized StandardEnvironment with PropertySources [systemProperties,systemEnvironment]
DEBUG [2018/09/25 14:42:10,114] main PathMatchingResourcePatternResolver.findPathMatchingResources(line:354): Resolved location pattern [classpath*:com/education/gkzx/dao/**/*.class] to resources []
 WARN [2018/09/25 14:42:10,115] main ClassPathMapperScanner.doScan(line:167): No MyBatis mapper was found in '[com.education.gkzx.dao]' package. Please check your configuration.
DEBUG [2018/09/25 14:42:10,133] main XmlBeanDefinitionReader.loadBeanDefinitions(line:216): Loaded 9 bean definitions from location pattern [classpath*:applicationContext-dao.xml]
DEBUG [2018/09/25 14:42:10,133] main DefaultBeanDefinitionDocumentReader.importBeanDefinitionResource(line:252): Imported 9 bean definitions from URL location [classpath*:applicationContext-dao.xml]
 INFO [2018/09/25 14:42:10,135] main XmlBeanDefinitionReader.loadBeanDefinitions(line:315): Loading XML bean definitions from URL [jar:file:/C:/Users/hongming/.m2/repository/com/education/gkzx/gkzx-biz/1.0-SNAPSHOT/gkzx-biz-1.0-SNAPSHOT.jar!/applicationContext-biz.xml]
DEBUG [2018/09/25 14:42:10,137] main DefaultDocumentLoader.loadDocument(line:72): Using JAXP provider [com.sun.org.apache.xerces.internal.jaxp.DocumentBuilderFactoryImpl]
DEBUG [2018/09/25 14:42:10,139] main PluggableSchemaResolver.resolveEntity(line:118): Found XML schema [http://www.springframework.org/schema/beans/spring-beans.xsd] in classpath: org/springframework/beans/factory/xml/spring-beans-3.2.xsd
DEBUG [2018/09/25 14:42:10,149] main PluggableSchemaResolver.resolveEntity(line:118): Found XML schema [http://www.springframework.org/schema/context/spring-context.xsd] in classpath: org/springframework/context/config/spring-context-3.2.xsd
DEBUG [2018/09/25 14:42:10,152] main PluggableSchemaResolver.resolveEntity(line:118): Found XML schema [http://www.springframework.org/schema/tool/spring-tool-3.2.xsd] in classpath: org/springframework/beans/factory/xml/spring-tool-3.2.xsd
DEBUG [2018/09/25 14:42:10,164] main DefaultBeanDefinitionDocumentReader.registerBeanDefinitions(line:106): Loading bean definitions
DEBUG [2018/09/25 14:42:10,173] main StandardEnvironment.addLast(line:107): Adding [systemProperties] PropertySource with lowest search precedence
DEBUG [2018/09/25 14:42:10,174] main StandardEnvironment.addLast(line:107): Adding [systemEnvironment] PropertySource with lowest search precedence
DEBUG [2018/09/25 14:42:10,175] main StandardEnvironment.<init>(line:126): Initialized StandardEnvironment with PropertySources [systemProperties,systemEnvironment]
DEBUG [2018/09/25 14:42:10,179] main PathMatchingResourcePatternResolver.findPathMatchingResources(line:354): Resolved location pattern [classpath*:com/education/gkzx/biz/**/*.class] to resources []
DEBUG [2018/09/25 14:42:10,180] main XmlBeanDefinitionReader.loadBeanDefinitions(line:216): Loaded 0 bean definitions from location pattern [classpath*:applicationContext-biz.xml]
DEBUG [2018/09/25 14:42:10,180] main DefaultBeanDefinitionDocumentReader.importBeanDefinitionResource(line:252): Imported 0 bean definitions from URL location [classpath*:applicationContext-biz.xml]
DEBUG [2018/09/25 14:42:10,181] main XmlBeanDefinitionReader.loadBeanDefinitions(line:216): Loaded 0 bean definitions from location pattern [classpath*:applicationContext-consumer.xml]
DEBUG [2018/09/25 14:42:10,182] main DefaultBeanDefinitionDocumentReader.importBeanDefinitionResource(line:252): Imported 0 bean definitions from URL location [classpath*:applicationContext-consumer.xml]
DEBUG [2018/09/25 14:42:10,184] main XmlBeanDefinitionReader.loadBeanDefinitions(line:216): Loaded 0 bean definitions from location pattern [classpath*:applicationContext-provider.xml]
DEBUG [2018/09/25 14:42:10,185] main DefaultBeanDefinitionDocumentReader.importBeanDefinitionResource(line:252): Imported 0 bean definitions from URL location [classpath*:applicationContext-provider.xml]
DEBUG [2018/09/25 14:42:10,185] main XmlBeanDefinitionReader.loadBeanDefinitions(line:216): Loaded 9 bean definitions from location pattern [classpath:application-context.xml]
DEBUG [2018/09/25 14:42:10,186] main XmlWebApplicationContext.obtainFreshBeanFactory(line:540): Bean factory for Root WebApplicationContext: org.springframework.beans.factory.support.DefaultListableBeanFactory@2e3a5237: defining beans [org.springframework.context.annotation.internalConfigurationAnnotationProcessor,org.springframework.context.annotation.internalAutowiredAnnotationProcessor,org.springframework.context.annotation.internalRequiredAnnotationProcessor,org.springframework.context.annotation.internalCommonAnnotationProcessor,dataSource,sqlSessionFactory,sqlSession,jdbTransactionManager,transactionTemplate]; root of factory hierarchy
DEBUG [2018/09/25 14:42:10,203] main DefaultListableBeanFactory.getSingleton(line:215): Creating shared instance of singleton bean 'org.springframework.context.annotation.internalConfigurationAnnotationProcessor'
DEBUG [2018/09/25 14:42:10,204] main DefaultListableBeanFactory.createBean(line:432): Creating instance of bean 'org.springframework.context.annotation.internalConfigurationAnnotationProcessor'
DEBUG [2018/09/25 14:42:10,220] main DefaultListableBeanFactory.doCreateBean(line:506): Eagerly caching bean 'org.springframework.context.annotation.internalConfigurationAnnotationProcessor' to allow for resolving potential circular references
DEBUG [2018/09/25 14:42:10,223] main DefaultListableBeanFactory.createBean(line:460): Finished creating instance of bean 'org.springframework.context.annotation.internalConfigurationAnnotationProcessor'
DEBUG [2018/09/25 14:42:10,253] main DefaultListableBeanFactory.getSingleton(line:215): Creating shared instance of singleton bean 'org.springframework.context.annotation.internalAutowiredAnnotationProcessor'
DEBUG [2018/09/25 14:42:10,253] main DefaultListableBeanFactory.createBean(line:432): Creating instance of bean 'org.springframework.context.annotation.internalAutowiredAnnotationProcessor'
DEBUG [2018/09/25 14:42:10,255] main DefaultListableBeanFactory.doCreateBean(line:506): Eagerly caching bean 'org.springframework.context.annotation.internalAutowiredAnnotationProcessor' to allow for resolving potential circular references
DEBUG [2018/09/25 14:42:10,255] main DefaultListableBeanFactory.createBean(line:460): Finished creating instance of bean 'org.springframework.context.annotation.internalAutowiredAnnotationProcessor'
DEBUG [2018/09/25 14:42:10,256] main DefaultListableBeanFactory.getSingleton(line:215): Creating shared instance of singleton bean 'org.springframework.context.annotation.internalRequiredAnnotationProcessor'
DEBUG [2018/09/25 14:42:10,256] main DefaultListableBeanFactory.createBean(line:432): Creating instance of bean 'org.springframework.context.annotation.internalRequiredAnnotationProcessor'
DEBUG [2018/09/25 14:42:10,257] main DefaultListableBeanFactory.doCreateBean(line:506): Eagerly caching bean 'org.springframework.context.annotation.internalRequiredAnnotationProcessor' to allow for resolving potential circular references
DEBUG [2018/09/25 14:42:10,258] main DefaultListableBeanFactory.createBean(line:460): Finished creating instance of bean 'org.springframework.context.annotation.internalRequiredAnnotationProcessor'
DEBUG [2018/09/25 14:42:10,258] main DefaultListableBeanFactory.getSingleton(line:215): Creating shared instance of singleton bean 'org.springframework.context.annotation.internalCommonAnnotationProcessor'
DEBUG [2018/09/25 14:42:10,259] main DefaultListableBeanFactory.createBean(line:432): Creating instance of bean 'org.springframework.context.annotation.internalCommonAnnotationProcessor'
DEBUG [2018/09/25 14:42:10,262] main DefaultListableBeanFactory.doCreateBean(line:506): Eagerly caching bean 'org.springframework.context.annotation.internalCommonAnnotationProcessor' to allow for resolving potential circular references
DEBUG [2018/09/25 14:42:10,262] main DefaultListableBeanFactory.createBean(line:460): Finished creating instance of bean 'org.springframework.context.annotation.internalCommonAnnotationProcessor'
DEBUG [2018/09/25 14:42:10,263] main DefaultListableBeanFactory.getSingleton(line:215): Creating shared instance of singleton bean 'org.springframework.context.annotation.ConfigurationClassPostProcessor.importAwareProcessor'
DEBUG [2018/09/25 14:42:10,263] main DefaultListableBeanFactory.createBean(line:432): Creating instance of bean 'org.springframework.context.annotation.ConfigurationClassPostProcessor.importAwareProcessor'
DEBUG [2018/09/25 14:42:10,263] main DefaultListableBeanFactory.doCreateBean(line:506): Eagerly caching bean 'org.springframework.context.annotation.ConfigurationClassPostProcessor.importAwareProcessor' to allow for resolving potential circular references
DEBUG [2018/09/25 14:42:10,264] main DefaultListableBeanFactory.createBean(line:460): Finished creating instance of bean 'org.springframework.context.annotation.ConfigurationClassPostProcessor.importAwareProcessor'
DEBUG [2018/09/25 14:42:10,267] main XmlWebApplicationContext.initMessageSource(line:807): Unable to locate MessageSource with name 'messageSource': using default [org.springframework.context.support.DelegatingMessageSource@5aae8eb5]
DEBUG [2018/09/25 14:42:10,269] main XmlWebApplicationContext.initApplicationEventMulticaster(line:831): Unable to locate ApplicationEventMulticaster with name 'applicationEventMulticaster': using default [org.springframework.context.event.SimpleApplicationEventMulticaster@4bee18dc]
DEBUG [2018/09/25 14:42:10,272] main UiApplicationContextUtils.initThemeSource(line:85): Unable to locate ThemeSource with name 'themeSource': using default [org.springframework.ui.context.support.ResourceBundleThemeSource@48c4245d]
 INFO [2018/09/25 14:42:10,275] main DefaultListableBeanFactory.preInstantiateSingletons(line:603): Pre-instantiating singletons in org.springframework.beans.factory.support.DefaultListableBeanFactory@2e3a5237: defining beans [org.springframework.context.annotation.internalConfigurationAnnotationProcessor,org.springframework.context.annotation.internalAutowiredAnnotationProcessor,org.springframework.context.annotation.internalRequiredAnnotationProcessor,org.springframework.context.annotation.internalCommonAnnotationProcessor,dataSource,sqlSessionFactory,sqlSession,jdbTransactionManager,transactionTemplate,org.springframework.context.annotation.ConfigurationClassPostProcessor.importAwareProcessor]; root of factory hierarchy
DEBUG [2018/09/25 14:42:10,275] main DefaultListableBeanFactory.doGetBean(line:246): Returning cached instance of singleton bean 'org.springframework.context.annotation.internalConfigurationAnnotationProcessor'
DEBUG [2018/09/25 14:42:10,276] main DefaultListableBeanFactory.doGetBean(line:246): Returning cached instance of singleton bean 'org.springframework.context.annotation.internalAutowiredAnnotationProcessor'
DEBUG [2018/09/25 14:42:10,276] main DefaultListableBeanFactory.doGetBean(line:246): Returning cached instance of singleton bean 'org.springframework.context.annotation.internalRequiredAnnotationProcessor'
DEBUG [2018/09/25 14:42:10,276] main DefaultListableBeanFactory.doGetBean(line:246): Returning cached instance of singleton bean 'org.springframework.context.annotation.internalCommonAnnotationProcessor'
DEBUG [2018/09/25 14:42:10,277] main DefaultListableBeanFactory.getSingleton(line:215): Creating shared instance of singleton bean 'dataSource'
DEBUG [2018/09/25 14:42:10,277] main DefaultListableBeanFactory.createBean(line:432): Creating instance of bean 'dataSource'
 INFO [2018/09/25 14:42:10,294] main MLog.<clinit>(line:80): MLog clients using log4j logging.
 INFO [2018/09/25 14:42:10,432] main C3P0Registry.banner(line:204): Initializing c3p0-0.9.1.2 [built 21-May-2007 15:04:56; debug? true; trace: 10]
DEBUG [2018/09/25 14:42:10,460] main DynamicPooledDataSourceManagerMBean.reinitialize(line:236): MBean: com.mchange.v2.c3p0:type=PooledDataSource[1br2osr9y4agnxihg2o36|963176] registered.
DEBUG [2018/09/25 14:42:10,477] main DefaultListableBeanFactory.doCreateBean(line:506): Eagerly caching bean 'dataSource' to allow for resolving potential circular references
 INFO [2018/09/25 14:42:10,521] main DefaultListableBeanFactory.destroySingletons(line:444): Destroying singletons in org.springframework.beans.factory.support.DefaultListableBeanFactory@2e3a5237: defining beans [org.springframework.context.annotation.internalConfigurationAnnotationProcessor,org.springframework.context.annotation.internalAutowiredAnnotationProcessor,org.springframework.context.annotation.internalRequiredAnnotationProcessor,org.springframework.context.annotation.internalCommonAnnotationProcessor,dataSource,sqlSessionFactory,sqlSession,jdbTransactionManager,transactionTemplate,org.springframework.context.annotation.ConfigurationClassPostProcessor.importAwareProcessor]; root of factory hierarchy
ERROR [2018/09/25 14:42:10,522] main ContextLoader.initWebApplicationContext(line:331): Context initialization failed
org.springframework.beans.factory.BeanCreationException: Error creating bean with name 'dataSource' defined in URL [jar:file:/C:/Users/hongming/.m2/repository/com/education/gkzx/gkzx-dao/1.0-SNAPSHOT/gkzx-dao-1.0-SNAPSHOT.jar!/applicationContext-dao.xml]: Initialization of bean failed; nested exception is org.springframework.beans.TypeMismatchException: Failed to convert property value of type 'java.lang.String' to required type 'int' for property 'maxPoolSize'; nested exception is java.lang.NumberFormatException: For input string: "${jdbc.maxPoolSize}"
	at org.springframework.beans.factory.support.AbstractAutowireCapableBeanFactory.doCreateBean(AbstractAutowireCapableBeanFactory.java:529)
	at org.springframework.beans.factory.support.AbstractAutowireCapableBeanFactory.createBean(AbstractAutowireCapableBeanFactory.java:458)
	at org.springframework.beans.factory.support.AbstractBeanFactory$1.getObject(AbstractBeanFactory.java:296)
	at org.springframework.beans.factory.support.DefaultSingletonBeanRegistry.getSingleton(DefaultSingletonBeanRegistry.java:223)
	at org.springframework.beans.factory.support.AbstractBeanFactory.doGetBean(AbstractBeanFactory.java:293)
	at org.springframework.beans.factory.support.AbstractBeanFactory.getBean(AbstractBeanFactory.java:194)
	at org.springframework.beans.factory.support.DefaultListableBeanFactory.preInstantiateSingletons(DefaultListableBeanFactory.java:633)
	at org.springframework.context.support.AbstractApplicationContext.finishBeanFactoryInitialization(AbstractApplicationContext.java:932)
	at org.springframework.context.support.AbstractApplicationContext.refresh(AbstractApplicationContext.java:479)
	at org.springframework.web.context.ContextLoader.configureAndRefreshWebApplicationContext(ContextLoader.java:410)
	at org.springframework.web.context.ContextLoader.initWebApplicationContext(ContextLoader.java:306)
	at org.springframework.web.context.ContextLoaderListener.contextInitialized(ContextLoaderListener.java:112)
	at org.mortbay.jetty.handler.ContextHandler.startContext(ContextHandler.java:548)
	at org.mortbay.jetty.servlet.Context.startContext(Context.java:136)
	at org.mortbay.jetty.webapp.WebAppContext.startContext(WebAppContext.java:1250)
	at org.mortbay.jetty.handler.ContextHandler.doStart(ContextHandler.java:517)
	at org.mortbay.jetty.webapp.WebAppContext.doStart(WebAppContext.java:467)
	at org.mortbay.jetty.plugin.Jetty6PluginWebAppContext.doStart(Jetty6PluginWebAppContext.java:115)
	at org.mortbay.component.AbstractLifeCycle.start(AbstractLifeCycle.java:50)
	at org.mortbay.jetty.handler.HandlerCollection.doStart(HandlerCollection.java:152)
	at org.mortbay.jetty.handler.ContextHandlerCollection.doStart(ContextHandlerCollection.java:156)
	at org.mortbay.component.AbstractLifeCycle.start(AbstractLifeCycle.java:50)
	at org.mortbay.jetty.handler.HandlerCollection.doStart(HandlerCollection.java:152)
	at org.mortbay.component.AbstractLifeCycle.start(AbstractLifeCycle.java:50)
	at org.mortbay.jetty.handler.HandlerWrapper.doStart(HandlerWrapper.java:130)
	at org.mortbay.jetty.Server.doStart(Server.java:224)
	at org.mortbay.component.AbstractLifeCycle.start(AbstractLifeCycle.java:50)
	at org.mortbay.jetty.plugin.Jetty6PluginServer.start(Jetty6PluginServer.java:132)
	at org.mortbay.jetty.plugin.AbstractJettyMojo.startJetty(AbstractJettyMojo.java:441)
	at org.mortbay.jetty.plugin.AbstractJettyMojo.execute(AbstractJettyMojo.java:383)
	at org.mortbay.jetty.plugin.AbstractJettyRunMojo.execute(AbstractJettyRunMojo.java:210)
	at org.mortbay.jetty.plugin.Jetty6RunMojo.execute(Jetty6RunMojo.java:184)
	at org.apache.maven.plugin.DefaultBuildPluginManager.executeMojo(DefaultBuildPluginManager.java:101)
	at org.apache.maven.lifecycle.internal.MojoExecutor.execute(MojoExecutor.java:209)
	at org.apache.maven.lifecycle.internal.MojoExecutor.execute(MojoExecutor.java:153)
	at org.apache.maven.lifecycle.internal.MojoExecutor.execute(MojoExecutor.java:145)
	at org.apache.maven.lifecycle.internal.LifecycleModuleBuilder.buildProject(LifecycleModuleBuilder.java:84)
	at org.apache.maven.lifecycle.internal.LifecycleModuleBuilder.buildProject(LifecycleModuleBuilder.java:59)
	at org.apache.maven.lifecycle.internal.LifecycleStarter.singleThreadedBuild(LifecycleStarter.java:183)
	at org.apache.maven.lifecycle.internal.LifecycleStarter.execute(LifecycleStarter.java:161)
	at org.apache.maven.DefaultMaven.doExecute(DefaultMaven.java:320)
	at org.apache.maven.DefaultMaven.execute(DefaultMaven.java:156)
	at org.apache.maven.cli.MavenCli.execute(MavenCli.java:537)
	at org.apache.maven.cli.MavenCli.doMain(MavenCli.java:196)
	at org.apache.maven.cli.MavenCli.main(MavenCli.java:141)
	at sun.reflect.NativeMethodAccessorImpl.invoke0(Native Method)
	at sun.reflect.NativeMethodAccessorImpl.invoke(NativeMethodAccessorImpl.java:62)
	at sun.reflect.DelegatingMethodAccessorImpl.invoke(DelegatingMethodAccessorImpl.java:43)
	at java.lang.reflect.Method.invoke(Method.java:498)
	at org.codehaus.plexus.classworlds.launcher.Launcher.launchEnhanced(Launcher.java:290)
	at org.codehaus.plexus.classworlds.launcher.Launcher.launch(Launcher.java:230)
	at org.codehaus.plexus.classworlds.launcher.Launcher.mainWithExitCode(Launcher.java:409)
	at org.codehaus.plexus.classworlds.launcher.Launcher.main(Launcher.java:352)
	at org.codehaus.classworlds.Launcher.main(Launcher.java:47)
	at sun.reflect.NativeMethodAccessorImpl.invoke0(Native Method)
	at sun.reflect.NativeMethodAccessorImpl.invoke(NativeMethodAccessorImpl.java:62)
	at sun.reflect.DelegatingMethodAccessorImpl.invoke(DelegatingMethodAccessorImpl.java:43)
	at java.lang.reflect.Method.invoke(Method.java:498)
	at com.intellij.rt.execution.application.AppMain.main(AppMain.java:144)
Caused by: org.springframework.beans.TypeMismatchException: Failed to convert property value of type 'java.lang.String' to required type 'int' for property 'maxPoolSize'; nested exception is java.lang.NumberFormatException: For input string: "${jdbc.maxPoolSize}"
	at org.springframework.beans.BeanWrapperImpl.convertIfNecessary(BeanWrapperImpl.java:468)
	at org.springframework.beans.BeanWrapperImpl.convertForProperty(BeanWrapperImpl.java:494)
	at org.springframework.beans.BeanWrapperImpl.convertForProperty(BeanWrapperImpl.java:488)
	at org.springframework.beans.factory.support.AbstractAutowireCapableBeanFactory.convertForProperty(AbstractAutowireCapableBeanFactory.java:1463)
	at org.springframework.beans.factory.support.AbstractAutowireCapableBeanFactory.applyPropertyValues(AbstractAutowireCapableBeanFactory.java:1422)
	at org.springframework.beans.factory.support.AbstractAutowireCapableBeanFactory.populateBean(AbstractAutowireCapableBeanFactory.java:1158)
	at org.springframework.beans.factory.support.AbstractAutowireCapableBeanFactory.doCreateBean(AbstractAutowireCapableBeanFactory.java:519)
	... 58 more
Caused by: java.lang.NumberFormatException: For input string: "${jdbc.maxPoolSize}"
	at java.lang.NumberFormatException.forInputString(NumberFormatException.java:65)
	at java.lang.Integer.parseInt(Integer.java:569)
	at java.lang.Integer.valueOf(Integer.java:766)
	at org.springframework.util.NumberUtils.parseNumber(NumberUtils.java:155)
	at org.springframework.beans.propertyeditors.CustomNumberEditor.setAsText(CustomNumberEditor.java:115)
	at org.springframework.beans.TypeConverterDelegate.doConvertTextValue(TypeConverterDelegate.java:455)
	at org.springframework.beans.TypeConverterDelegate.doConvertValue(TypeConverterDelegate.java:427)
	at org.springframework.beans.TypeConverterDelegate.convertIfNecessary(TypeConverterDelegate.java:181)
	at org.springframework.beans.BeanWrapperImpl.convertIfNecessary(BeanWrapperImpl.java:448)
	... 64 more
 INFO [2018/09/25 14:52:53,249] main ContextLoader.initWebApplicationContext(line:285): Root WebApplicationContext: initialization started
DEBUG [2018/09/25 14:52:53,321] main StandardServletEnvironment.addLast(line:107): Adding [servletConfigInitParams] PropertySource with lowest search precedence
DEBUG [2018/09/25 14:52:53,322] main StandardServletEnvironment.addLast(line:107): Adding [servletContextInitParams] PropertySource with lowest search precedence
DEBUG [2018/09/25 14:52:53,327] main StandardServletEnvironment.addLast(line:107): Adding [jndiProperties] PropertySource with lowest search precedence
DEBUG [2018/09/25 14:52:53,328] main StandardServletEnvironment.addLast(line:107): Adding [systemProperties] PropertySource with lowest search precedence
DEBUG [2018/09/25 14:52:53,331] main StandardServletEnvironment.addLast(line:107): Adding [systemEnvironment] PropertySource with lowest search precedence
DEBUG [2018/09/25 14:52:53,332] main StandardServletEnvironment.<init>(line:126): Initialized StandardServletEnvironment with PropertySources [servletConfigInitParams,servletContextInitParams,jndiProperties,systemProperties,systemEnvironment]
DEBUG [2018/09/25 14:52:53,338] main StandardServletEnvironment.replace(line:172): Replacing [servletContextInitParams] PropertySource with [servletContextInitParams]
 INFO [2018/09/25 14:52:53,342] main XmlWebApplicationContext.prepareRefresh(line:510): Refreshing Root WebApplicationContext: startup date [Tue Sep 25 14:52:53 CST 2018]; root of context hierarchy
DEBUG [2018/09/25 14:52:53,385] main StandardEnvironment.addLast(line:107): Adding [systemProperties] PropertySource with lowest search precedence
DEBUG [2018/09/25 14:52:53,385] main StandardEnvironment.addLast(line:107): Adding [systemEnvironment] PropertySource with lowest search precedence
DEBUG [2018/09/25 14:52:53,386] main StandardEnvironment.<init>(line:126): Initialized StandardEnvironment with PropertySources [systemProperties,systemEnvironment]
 INFO [2018/09/25 14:52:53,392] main XmlBeanDefinitionReader.loadBeanDefinitions(line:315): Loading XML bean definitions from class path resource [application-context.xml]
DEBUG [2018/09/25 14:52:53,395] main DefaultDocumentLoader.loadDocument(line:72): Using JAXP provider [com.sun.org.apache.xerces.internal.jaxp.DocumentBuilderFactoryImpl]
DEBUG [2018/09/25 14:52:53,493] main PluggableSchemaResolver.getSchemaMappings(line:140): Loading schema mappings from [META-INF/spring.schemas]
DEBUG [2018/09/25 14:52:53,496] main PluggableSchemaResolver.getSchemaMappings(line:146): Loaded schema mappings: {http://mybatis.org/schema/mybatis-spring-1.2.xsd=org/mybatis/spring/config/mybatis-spring-1.2.xsd, http://www.springframework.org/schema/jee/spring-jee-3.2.xsd=org/springframework/ejb/config/spring-jee-3.2.xsd, http://www.springframework.org/schema/util/spring-util.xsd=org/springframework/beans/factory/xml/spring-util-3.2.xsd, http://www.springframework.org/schema/mvc/spring-mvc-3.1.xsd=org/springframework/web/servlet/config/spring-mvc-3.1.xsd, http://www.springframework.org/schema/task/spring-task.xsd=org/springframework/scheduling/config/spring-task-3.2.xsd, http://www.springframework.org/schema/beans/spring-beans-3.1.xsd=org/springframework/beans/factory/xml/spring-beans-3.1.xsd, http://www.springframework.org/schema/cache/spring-cache.xsd=org/springframework/cache/config/spring-cache-3.2.xsd, http://www.springframework.org/schema/aop/spring-aop-3.0.xsd=org/springframework/aop/config/spring-aop-3.0.xsd, http://www.springframework.org/schema/task/spring-task-3.1.xsd=org/springframework/scheduling/config/spring-task-3.1.xsd, http://www.springframework.org/schema/aop/spring-aop-2.0.xsd=org/springframework/aop/config/spring-aop-2.0.xsd, http://www.springframework.org/schema/tool/spring-tool-2.5.xsd=org/springframework/beans/factory/xml/spring-tool-2.5.xsd, http://www.springframework.org/schema/beans/spring-beans.xsd=org/springframework/beans/factory/xml/spring-beans-3.2.xsd, http://www.springframework.org/schema/jee/spring-jee-2.5.xsd=org/springframework/ejb/config/spring-jee-2.5.xsd, http://www.springframework.org/schema/jdbc/spring-jdbc-3.1.xsd=org/springframework/jdbc/config/spring-jdbc-3.1.xsd, http://www.springframework.org/schema/tool/spring-tool-3.1.xsd=org/springframework/beans/factory/xml/spring-tool-3.1.xsd, http://www.springframework.org/schema/jee/spring-jee-3.1.xsd=org/springframework/ejb/config/spring-jee-3.1.xsd, http://www.springframework.org/schema/aop/spring-aop.xsd=org/springframework/aop/config/spring-aop-3.2.xsd, http://www.springframework.org/schema/context/spring-context-3.2.xsd=org/springframework/context/config/spring-context-3.2.xsd, http://www.springframework.org/schema/tx/spring-tx-3.2.xsd=org/springframework/transaction/config/spring-tx-3.2.xsd, http://www.springframework.org/schema/beans/spring-beans-2.0.xsd=org/springframework/beans/factory/xml/spring-beans-2.0.xsd, http://www.springframework.org/schema/util/spring-util-3.2.xsd=org/springframework/beans/factory/xml/spring-util-3.2.xsd, http://www.springframework.org/schema/mvc/spring-mvc-3.0.xsd=org/springframework/web/servlet/config/spring-mvc-3.0.xsd, http://www.springframework.org/schema/lang/spring-lang-3.2.xsd=org/springframework/scripting/config/spring-lang-3.2.xsd, http://www.springframework.org/schema/beans/spring-beans-3.0.xsd=org/springframework/beans/factory/xml/spring-beans-3.0.xsd, http://www.springframework.org/schema/cache/spring-cache-3.2.xsd=org/springframework/cache/config/spring-cache-3.2.xsd, http://www.springframework.org/schema/task/spring-task-3.0.xsd=org/springframework/scheduling/config/spring-task-3.0.xsd, http://mybatis.org/schema/mybatis-spring.xsd=org/mybatis/spring/config/mybatis-spring-1.2.xsd, http://www.springframework.org/schema/context/spring-context-2.5.xsd=org/springframework/context/config/spring-context-2.5.xsd, http://www.springframework.org/schema/tx/spring-tx-2.5.xsd=org/springframework/transaction/config/spring-tx-2.5.xsd, http://www.springframework.org/schema/jdbc/spring-jdbc-3.0.xsd=org/springframework/jdbc/config/spring-jdbc-3.0.xsd, http://www.springframework.org/schema/tool/spring-tool-3.0.xsd=org/springframework/beans/factory/xml/spring-tool-3.0.xsd, http://www.springframework.org/schema/lang/spring-lang.xsd=org/springframework/scripting/config/spring-lang-3.2.xsd, http://www.springframework.org/schema/tx/spring-tx.xsd=org/springframework/transaction/config/spring-tx-3.2.xsd, http://www.springframework.org/schema/tool/spring-tool-2.0.xsd=org/springframework/beans/factory/xml/spring-tool-2.0.xsd, http://www.springframework.org/schema/util/spring-util-2.5.xsd=org/springframework/beans/factory/xml/spring-util-2.5.xsd, http://www.springframework.org/schema/lang/spring-lang-2.5.xsd=org/springframework/scripting/config/spring-lang-2.5.xsd, http://www.springframework.org/schema/aop/spring-aop-3.2.xsd=org/springframework/aop/config/spring-aop-3.2.xsd, http://www.springframework.org/schema/jee/spring-jee-3.0.xsd=org/springframework/ejb/config/spring-jee-3.0.xsd, http://www.springframework.org/schema/jee/spring-jee-2.0.xsd=org/springframework/ejb/config/spring-jee-2.0.xsd, http://www.springframework.org/schema/context/spring-context-3.1.xsd=org/springframework/context/config/spring-context-3.1.xsd, http://www.springframework.org/schema/tx/spring-tx-3.1.xsd=org/springframework/transaction/config/spring-tx-3.1.xsd, http://www.springframework.org/schema/util/spring-util-3.1.xsd=org/springframework/beans/factory/xml/spring-util-3.1.xsd, http://www.springframework.org/schema/lang/spring-lang-3.1.xsd=org/springframework/scripting/config/spring-lang-3.1.xsd, http://www.springframework.org/schema/cache/spring-cache-3.1.xsd=org/springframework/cache/config/spring-cache-3.1.xsd, http://www.springframework.org/schema/context/spring-context.xsd=org/springframework/context/config/spring-context-3.2.xsd, http://www.springframework.org/schema/jee/spring-jee.xsd=org/springframework/ejb/config/spring-jee-3.2.xsd, http://www.springframework.org/schema/aop/spring-aop-2.5.xsd=org/springframework/aop/config/spring-aop-2.5.xsd, http://www.springframework.org/schema/mvc/spring-mvc.xsd=org/springframework/web/servlet/config/spring-mvc-3.2.xsd, http://www.springframework.org/schema/mvc/spring-mvc-3.2.xsd=org/springframework/web/servlet/config/spring-mvc-3.2.xsd, http://www.springframework.org/schema/jdbc/spring-jdbc.xsd=org/springframework/jdbc/config/spring-jdbc-3.2.xsd, http://www.springframework.org/schema/beans/spring-beans-3.2.xsd=org/springframework/beans/factory/xml/spring-beans-3.2.xsd, http://www.springframework.org/schema/tx/spring-tx-2.0.xsd=org/springframework/transaction/config/spring-tx-2.0.xsd, http://www.springframework.org/schema/aop/spring-aop-3.1.xsd=org/springframework/aop/config/spring-aop-3.1.xsd, http://www.springframework.org/schema/task/spring-task-3.2.xsd=org/springframework/scheduling/config/spring-task-3.2.xsd, http://www.springframework.org/schema/context/spring-context-3.0.xsd=org/springframework/context/config/spring-context-3.0.xsd, http://www.springframework.org/schema/tx/spring-tx-3.0.xsd=org/springframework/transaction/config/spring-tx-3.0.xsd, http://www.springframework.org/schema/tool/spring-tool.xsd=org/springframework/beans/factory/xml/spring-tool-3.2.xsd, http://www.springframework.org/schema/util/spring-util-3.0.xsd=org/springframework/beans/factory/xml/spring-util-3.0.xsd, http://www.springframework.org/schema/lang/spring-lang-3.0.xsd=org/springframework/scripting/config/spring-lang-3.0.xsd, http://www.springframework.org/schema/util/spring-util-2.0.xsd=org/springframework/beans/factory/xml/spring-util-2.0.xsd, http://www.springframework.org/schema/lang/spring-lang-2.0.xsd=org/springframework/scripting/config/spring-lang-2.0.xsd, http://www.springframework.org/schema/jdbc/spring-jdbc-3.2.xsd=org/springframework/jdbc/config/spring-jdbc-3.2.xsd, http://www.springframework.org/schema/tool/spring-tool-3.2.xsd=org/springframework/beans/factory/xml/spring-tool-3.2.xsd, http://www.springframework.org/schema/beans/spring-beans-2.5.xsd=org/springframework/beans/factory/xml/spring-beans-2.5.xsd}
DEBUG [2018/09/25 14:52:53,504] main PluggableSchemaResolver.resolveEntity(line:118): Found XML schema [http://www.springframework.org/schema/beans/spring-beans-3.0.xsd] in classpath: org/springframework/beans/factory/xml/spring-beans-3.0.xsd
DEBUG [2018/09/25 14:52:53,544] main DefaultBeanDefinitionDocumentReader.registerBeanDefinitions(line:106): Loading bean definitions
 INFO [2018/09/25 14:52:53,556] main XmlBeanDefinitionReader.loadBeanDefinitions(line:315): Loading XML bean definitions from URL [jar:file:/C:/Users/hongming/.m2/repository/com/education/gkzx/gkzx-dao/1.0-SNAPSHOT/gkzx-dao-1.0-SNAPSHOT.jar!/applicationContext-dao.xml]
DEBUG [2018/09/25 14:52:53,558] main DefaultDocumentLoader.loadDocument(line:72): Using JAXP provider [com.sun.org.apache.xerces.internal.jaxp.DocumentBuilderFactoryImpl]
DEBUG [2018/09/25 14:52:53,560] main PluggableSchemaResolver.resolveEntity(line:118): Found XML schema [http://www.springframework.org/schema/beans/spring-beans.xsd] in classpath: org/springframework/beans/factory/xml/spring-beans-3.2.xsd
DEBUG [2018/09/25 14:52:53,575] main PluggableSchemaResolver.resolveEntity(line:118): Found XML schema [http://mybatis.org/schema/mybatis-spring.xsd] in classpath: org/mybatis/spring/config/mybatis-spring-1.2.xsd
DEBUG [2018/09/25 14:52:53,580] main PluggableSchemaResolver.resolveEntity(line:118): Found XML schema [http://www.springframework.org/schema/tx/spring-tx-3.0.xsd] in classpath: org/springframework/transaction/config/spring-tx-3.0.xsd
DEBUG [2018/09/25 14:52:53,582] main PluggableSchemaResolver.resolveEntity(line:118): Found XML schema [http://www.springframework.org/schema/tool/spring-tool-3.0.xsd] in classpath: org/springframework/beans/factory/xml/spring-tool-3.0.xsd
DEBUG [2018/09/25 14:52:53,586] main DefaultBeanDefinitionDocumentReader.registerBeanDefinitions(line:106): Loading bean definitions
DEBUG [2018/09/25 14:52:53,589] main DefaultNamespaceHandlerResolver.getHandlerMappings(line:156): Loaded NamespaceHandler mappings: {http://www.springframework.org/schema/p=org.springframework.beans.factory.xml.SimplePropertyNamespaceHandler, http://www.springframework.org/schema/mvc=org.springframework.web.servlet.config.MvcNamespaceHandler, http://www.springframework.org/schema/util=org.springframework.beans.factory.xml.UtilNamespaceHandler, http://www.springframework.org/schema/jee=org.springframework.ejb.config.JeeNamespaceHandler, http://www.springframework.org/schema/aop=org.springframework.aop.config.AopNamespaceHandler, http://www.springframework.org/schema/jdbc=org.springframework.jdbc.config.JdbcNamespaceHandler, http://www.springframework.org/schema/cache=org.springframework.cache.config.CacheNamespaceHandler, http://mybatis.org/schema/mybatis-spring=org.mybatis.spring.config.NamespaceHandler, http://www.springframework.org/schema/c=org.springframework.beans.factory.xml.SimpleConstructorNamespaceHandler, http://www.springframework.org/schema/tx=org.springframework.transaction.config.TxNamespaceHandler, http://www.springframework.org/schema/task=org.springframework.scheduling.config.TaskNamespaceHandler, http://www.springframework.org/schema/lang=org.springframework.scripting.config.LangNamespaceHandler, http://www.springframework.org/schema/context=org.springframework.context.config.ContextNamespaceHandler}
DEBUG [2018/09/25 14:52:53,597] main StandardEnvironment.addLast(line:107): Adding [systemProperties] PropertySource with lowest search precedence
DEBUG [2018/09/25 14:52:53,597] main StandardEnvironment.addLast(line:107): Adding [systemEnvironment] PropertySource with lowest search precedence
DEBUG [2018/09/25 14:52:53,598] main StandardEnvironment.<init>(line:126): Initialized StandardEnvironment with PropertySources [systemProperties,systemEnvironment]
DEBUG [2018/09/25 14:52:53,605] main PathMatchingResourcePatternResolver.findPathMatchingResources(line:354): Resolved location pattern [classpath*:com/education/gkzx/dao/**/*.class] to resources []
 WARN [2018/09/25 14:52:53,605] main ClassPathMapperScanner.doScan(line:167): No MyBatis mapper was found in '[com.education.gkzx.dao]' package. Please check your configuration.
DEBUG [2018/09/25 14:52:53,636] main XmlBeanDefinitionReader.loadBeanDefinitions(line:216): Loaded 13 bean definitions from location pattern [classpath*:applicationContext-dao.xml]
DEBUG [2018/09/25 14:52:53,636] main DefaultBeanDefinitionDocumentReader.importBeanDefinitionResource(line:252): Imported 13 bean definitions from URL location [classpath*:applicationContext-dao.xml]
 INFO [2018/09/25 14:52:53,638] main XmlBeanDefinitionReader.loadBeanDefinitions(line:315): Loading XML bean definitions from URL [jar:file:/C:/Users/hongming/.m2/repository/com/education/gkzx/gkzx-biz/1.0-SNAPSHOT/gkzx-biz-1.0-SNAPSHOT.jar!/applicationContext-biz.xml]
DEBUG [2018/09/25 14:52:53,640] main DefaultDocumentLoader.loadDocument(line:72): Using JAXP provider [com.sun.org.apache.xerces.internal.jaxp.DocumentBuilderFactoryImpl]
DEBUG [2018/09/25 14:52:53,642] main PluggableSchemaResolver.resolveEntity(line:118): Found XML schema [http://www.springframework.org/schema/beans/spring-beans.xsd] in classpath: org/springframework/beans/factory/xml/spring-beans-3.2.xsd
DEBUG [2018/09/25 14:52:53,651] main PluggableSchemaResolver.resolveEntity(line:118): Found XML schema [http://www.springframework.org/schema/context/spring-context.xsd] in classpath: org/springframework/context/config/spring-context-3.2.xsd
DEBUG [2018/09/25 14:52:53,654] main PluggableSchemaResolver.resolveEntity(line:118): Found XML schema [http://www.springframework.org/schema/tool/spring-tool-3.2.xsd] in classpath: org/springframework/beans/factory/xml/spring-tool-3.2.xsd
DEBUG [2018/09/25 14:52:53,659] main DefaultBeanDefinitionDocumentReader.registerBeanDefinitions(line:106): Loading bean definitions
DEBUG [2018/09/25 14:52:53,666] main StandardEnvironment.addLast(line:107): Adding [systemProperties] PropertySource with lowest search precedence
DEBUG [2018/09/25 14:52:53,667] main StandardEnvironment.addLast(line:107): Adding [systemEnvironment] PropertySource with lowest search precedence
DEBUG [2018/09/25 14:52:53,667] main StandardEnvironment.<init>(line:126): Initialized StandardEnvironment with PropertySources [systemProperties,systemEnvironment]
DEBUG [2018/09/25 14:52:53,671] main PathMatchingResourcePatternResolver.findPathMatchingResources(line:354): Resolved location pattern [classpath*:com/education/gkzx/biz/**/*.class] to resources []
DEBUG [2018/09/25 14:52:53,672] main XmlBeanDefinitionReader.loadBeanDefinitions(line:216): Loaded 0 bean definitions from location pattern [classpath*:applicationContext-biz.xml]
DEBUG [2018/09/25 14:52:53,672] main DefaultBeanDefinitionDocumentReader.importBeanDefinitionResource(line:252): Imported 0 bean definitions from URL location [classpath*:applicationContext-biz.xml]
DEBUG [2018/09/25 14:52:53,673] main XmlBeanDefinitionReader.loadBeanDefinitions(line:216): Loaded 0 bean definitions from location pattern [classpath*:applicationContext-consumer.xml]
DEBUG [2018/09/25 14:52:53,674] main DefaultBeanDefinitionDocumentReader.importBeanDefinitionResource(line:252): Imported 0 bean definitions from URL location [classpath*:applicationContext-consumer.xml]
DEBUG [2018/09/25 14:52:53,675] main XmlBeanDefinitionReader.loadBeanDefinitions(line:216): Loaded 0 bean definitions from location pattern [classpath*:applicationContext-provider.xml]
DEBUG [2018/09/25 14:52:53,675] main DefaultBeanDefinitionDocumentReader.importBeanDefinitionResource(line:252): Imported 0 bean definitions from URL location [classpath*:applicationContext-provider.xml]
DEBUG [2018/09/25 14:52:53,676] main XmlBeanDefinitionReader.loadBeanDefinitions(line:216): Loaded 13 bean definitions from location pattern [classpath:application-context.xml]
DEBUG [2018/09/25 14:52:53,676] main XmlWebApplicationContext.obtainFreshBeanFactory(line:540): Bean factory for Root WebApplicationContext: org.springframework.beans.factory.support.DefaultListableBeanFactory@588ffeb: defining beans [org.springframework.context.annotation.internalConfigurationAnnotationProcessor,org.springframework.context.annotation.internalAutowiredAnnotationProcessor,org.springframework.context.annotation.internalRequiredAnnotationProcessor,org.springframework.context.annotation.internalCommonAnnotationProcessor,dataSource,sqlSessionFactory,sqlSession,jdbTransactionManager,transactionTemplate,org.springframework.aop.config.internalAutoProxyCreator,org.springframework.transaction.annotation.AnnotationTransactionAttributeSource#0,org.springframework.transaction.interceptor.TransactionInterceptor#0,org.springframework.transaction.config.internalTransactionAdvisor]; root of factory hierarchy
DEBUG [2018/09/25 14:52:53,700] main DefaultListableBeanFactory.getSingleton(line:215): Creating shared instance of singleton bean 'org.springframework.context.annotation.internalConfigurationAnnotationProcessor'
DEBUG [2018/09/25 14:52:53,700] main DefaultListableBeanFactory.createBean(line:432): Creating instance of bean 'org.springframework.context.annotation.internalConfigurationAnnotationProcessor'
DEBUG [2018/09/25 14:52:53,716] main DefaultListableBeanFactory.doCreateBean(line:506): Eagerly caching bean 'org.springframework.context.annotation.internalConfigurationAnnotationProcessor' to allow for resolving potential circular references
DEBUG [2018/09/25 14:52:53,719] main DefaultListableBeanFactory.createBean(line:460): Finished creating instance of bean 'org.springframework.context.annotation.internalConfigurationAnnotationProcessor'
DEBUG [2018/09/25 14:52:53,758] main DefaultListableBeanFactory.getSingleton(line:215): Creating shared instance of singleton bean 'org.springframework.context.annotation.internalAutowiredAnnotationProcessor'
DEBUG [2018/09/25 14:52:53,758] main DefaultListableBeanFactory.createBean(line:432): Creating instance of bean 'org.springframework.context.annotation.internalAutowiredAnnotationProcessor'
DEBUG [2018/09/25 14:52:53,760] main DefaultListableBeanFactory.doCreateBean(line:506): Eagerly caching bean 'org.springframework.context.annotation.internalAutowiredAnnotationProcessor' to allow for resolving potential circular references
DEBUG [2018/09/25 14:52:53,760] main DefaultListableBeanFactory.createBean(line:460): Finished creating instance of bean 'org.springframework.context.annotation.internalAutowiredAnnotationProcessor'
DEBUG [2018/09/25 14:52:53,761] main DefaultListableBeanFactory.getSingleton(line:215): Creating shared instance of singleton bean 'org.springframework.context.annotation.internalRequiredAnnotationProcessor'
DEBUG [2018/09/25 14:52:53,761] main DefaultListableBeanFactory.createBean(line:432): Creating instance of bean 'org.springframework.context.annotation.internalRequiredAnnotationProcessor'
DEBUG [2018/09/25 14:52:53,762] main DefaultListableBeanFactory.doCreateBean(line:506): Eagerly caching bean 'org.springframework.context.annotation.internalRequiredAnnotationProcessor' to allow for resolving potential circular references
DEBUG [2018/09/25 14:52:53,762] main DefaultListableBeanFactory.createBean(line:460): Finished creating instance of bean 'org.springframework.context.annotation.internalRequiredAnnotationProcessor'
DEBUG [2018/09/25 14:52:53,763] main DefaultListableBeanFactory.getSingleton(line:215): Creating shared instance of singleton bean 'org.springframework.context.annotation.internalCommonAnnotationProcessor'
DEBUG [2018/09/25 14:52:53,763] main DefaultListableBeanFactory.createBean(line:432): Creating instance of bean 'org.springframework.context.annotation.internalCommonAnnotationProcessor'
DEBUG [2018/09/25 14:52:53,766] main DefaultListableBeanFactory.doCreateBean(line:506): Eagerly caching bean 'org.springframework.context.annotation.internalCommonAnnotationProcessor' to allow for resolving potential circular references
DEBUG [2018/09/25 14:52:53,766] main DefaultListableBeanFactory.createBean(line:460): Finished creating instance of bean 'org.springframework.context.annotation.internalCommonAnnotationProcessor'
DEBUG [2018/09/25 14:52:53,767] main DefaultListableBeanFactory.getSingleton(line:215): Creating shared instance of singleton bean 'org.springframework.context.annotation.ConfigurationClassPostProcessor.importAwareProcessor'
DEBUG [2018/09/25 14:52:53,767] main DefaultListableBeanFactory.createBean(line:432): Creating instance of bean 'org.springframework.context.annotation.ConfigurationClassPostProcessor.importAwareProcessor'
DEBUG [2018/09/25 14:52:53,767] main DefaultListableBeanFactory.doCreateBean(line:506): Eagerly caching bean 'org.springframework.context.annotation.ConfigurationClassPostProcessor.importAwareProcessor' to allow for resolving potential circular references
DEBUG [2018/09/25 14:52:53,768] main DefaultListableBeanFactory.createBean(line:460): Finished creating instance of bean 'org.springframework.context.annotation.ConfigurationClassPostProcessor.importAwareProcessor'
DEBUG [2018/09/25 14:52:53,768] main DefaultListableBeanFactory.getSingleton(line:215): Creating shared instance of singleton bean 'org.springframework.aop.config.internalAutoProxyCreator'
DEBUG [2018/09/25 14:52:53,768] main DefaultListableBeanFactory.createBean(line:432): Creating instance of bean 'org.springframework.aop.config.internalAutoProxyCreator'
DEBUG [2018/09/25 14:52:53,778] main DefaultListableBeanFactory.doCreateBean(line:506): Eagerly caching bean 'org.springframework.aop.config.internalAutoProxyCreator' to allow for resolving potential circular references
DEBUG [2018/09/25 14:52:53,808] main DefaultListableBeanFactory.createBean(line:460): Finished creating instance of bean 'org.springframework.aop.config.internalAutoProxyCreator'
DEBUG [2018/09/25 14:52:53,811] main XmlWebApplicationContext.initMessageSource(line:807): Unable to locate MessageSource with name 'messageSource': using default [org.springframework.context.support.DelegatingMessageSource@2b214b94]
DEBUG [2018/09/25 14:52:53,813] main XmlWebApplicationContext.initApplicationEventMulticaster(line:831): Unable to locate ApplicationEventMulticaster with name 'applicationEventMulticaster': using default [org.springframework.context.event.SimpleApplicationEventMulticaster@7551da2a]
DEBUG [2018/09/25 14:52:53,816] main UiApplicationContextUtils.initThemeSource(line:85): Unable to locate ThemeSource with name 'themeSource': using default [org.springframework.ui.context.support.ResourceBundleThemeSource@5e9456ae]
 INFO [2018/09/25 14:52:53,818] main DefaultListableBeanFactory.preInstantiateSingletons(line:603): Pre-instantiating singletons in org.springframework.beans.factory.support.DefaultListableBeanFactory@588ffeb: defining beans [org.springframework.context.annotation.internalConfigurationAnnotationProcessor,org.springframework.context.annotation.internalAutowiredAnnotationProcessor,org.springframework.context.annotation.internalRequiredAnnotationProcessor,org.springframework.context.annotation.internalCommonAnnotationProcessor,dataSource,sqlSessionFactory,sqlSession,jdbTransactionManager,transactionTemplate,org.springframework.aop.config.internalAutoProxyCreator,org.springframework.transaction.annotation.AnnotationTransactionAttributeSource#0,org.springframework.transaction.interceptor.TransactionInterceptor#0,org.springframework.transaction.config.internalTransactionAdvisor,org.springframework.context.annotation.ConfigurationClassPostProcessor.importAwareProcessor]; root of factory hierarchy
DEBUG [2018/09/25 14:52:53,819] main DefaultListableBeanFactory.doGetBean(line:246): Returning cached instance of singleton bean 'org.springframework.context.annotation.internalConfigurationAnnotationProcessor'
DEBUG [2018/09/25 14:52:53,819] main DefaultListableBeanFactory.doGetBean(line:246): Returning cached instance of singleton bean 'org.springframework.context.annotation.internalAutowiredAnnotationProcessor'
DEBUG [2018/09/25 14:52:53,819] main DefaultListableBeanFactory.doGetBean(line:246): Returning cached instance of singleton bean 'org.springframework.context.annotation.internalRequiredAnnotationProcessor'
DEBUG [2018/09/25 14:52:53,819] main DefaultListableBeanFactory.doGetBean(line:246): Returning cached instance of singleton bean 'org.springframework.context.annotation.internalCommonAnnotationProcessor'
DEBUG [2018/09/25 14:52:53,820] main DefaultListableBeanFactory.getSingleton(line:215): Creating shared instance of singleton bean 'dataSource'
DEBUG [2018/09/25 14:52:53,820] main DefaultListableBeanFactory.createBean(line:432): Creating instance of bean 'dataSource'
 INFO [2018/09/25 14:52:53,835] main MLog.<clinit>(line:80): MLog clients using log4j logging.
 INFO [2018/09/25 14:52:53,925] main C3P0Registry.banner(line:204): Initializing c3p0-0.9.1.2 [built 21-May-2007 15:04:56; debug? true; trace: 10]
DEBUG [2018/09/25 14:52:53,949] main DynamicPooledDataSourceManagerMBean.reinitialize(line:236): MBean: com.mchange.v2.c3p0:type=PooledDataSource[1br2osr9y4aughlujydr0|7b7b3edb] registered.
DEBUG [2018/09/25 14:52:53,964] main DefaultListableBeanFactory.doCreateBean(line:506): Eagerly caching bean 'dataSource' to allow for resolving potential circular references
 INFO [2018/09/25 14:52:53,996] main DefaultListableBeanFactory.destroySingletons(line:444): Destroying singletons in org.springframework.beans.factory.support.DefaultListableBeanFactory@588ffeb: defining beans [org.springframework.context.annotation.internalConfigurationAnnotationProcessor,org.springframework.context.annotation.internalAutowiredAnnotationProcessor,org.springframework.context.annotation.internalRequiredAnnotationProcessor,org.springframework.context.annotation.internalCommonAnnotationProcessor,dataSource,sqlSessionFactory,sqlSession,jdbTransactionManager,transactionTemplate,org.springframework.aop.config.internalAutoProxyCreator,org.springframework.transaction.annotation.AnnotationTransactionAttributeSource#0,org.springframework.transaction.interceptor.TransactionInterceptor#0,org.springframework.transaction.config.internalTransactionAdvisor,org.springframework.context.annotation.ConfigurationClassPostProcessor.importAwareProcessor]; root of factory hierarchy
ERROR [2018/09/25 14:52:53,997] main ContextLoader.initWebApplicationContext(line:331): Context initialization failed
org.springframework.beans.factory.BeanCreationException: Error creating bean with name 'dataSource' defined in URL [jar:file:/C:/Users/hongming/.m2/repository/com/education/gkzx/gkzx-dao/1.0-SNAPSHOT/gkzx-dao-1.0-SNAPSHOT.jar!/applicationContext-dao.xml]: Initialization of bean failed; nested exception is org.springframework.beans.TypeMismatchException: Failed to convert property value of type 'java.lang.String' to required type 'int' for property 'maxPoolSize'; nested exception is java.lang.NumberFormatException: For input string: "${jdbc.maxPoolSize}"
	at org.springframework.beans.factory.support.AbstractAutowireCapableBeanFactory.doCreateBean(AbstractAutowireCapableBeanFactory.java:529)
	at org.springframework.beans.factory.support.AbstractAutowireCapableBeanFactory.createBean(AbstractAutowireCapableBeanFactory.java:458)
	at org.springframework.beans.factory.support.AbstractBeanFactory$1.getObject(AbstractBeanFactory.java:296)
	at org.springframework.beans.factory.support.DefaultSingletonBeanRegistry.getSingleton(DefaultSingletonBeanRegistry.java:223)
	at org.springframework.beans.factory.support.AbstractBeanFactory.doGetBean(AbstractBeanFactory.java:293)
	at org.springframework.beans.factory.support.AbstractBeanFactory.getBean(AbstractBeanFactory.java:194)
	at org.springframework.beans.factory.support.DefaultListableBeanFactory.preInstantiateSingletons(DefaultListableBeanFactory.java:633)
	at org.springframework.context.support.AbstractApplicationContext.finishBeanFactoryInitialization(AbstractApplicationContext.java:932)
	at org.springframework.context.support.AbstractApplicationContext.refresh(AbstractApplicationContext.java:479)
	at org.springframework.web.context.ContextLoader.configureAndRefreshWebApplicationContext(ContextLoader.java:410)
	at org.springframework.web.context.ContextLoader.initWebApplicationContext(ContextLoader.java:306)
	at org.springframework.web.context.ContextLoaderListener.contextInitialized(ContextLoaderListener.java:112)
	at org.mortbay.jetty.handler.ContextHandler.startContext(ContextHandler.java:548)
	at org.mortbay.jetty.servlet.Context.startContext(Context.java:136)
	at org.mortbay.jetty.webapp.WebAppContext.startContext(WebAppContext.java:1250)
	at org.mortbay.jetty.handler.ContextHandler.doStart(ContextHandler.java:517)
	at org.mortbay.jetty.webapp.WebAppContext.doStart(WebAppContext.java:467)
	at org.mortbay.jetty.plugin.Jetty6PluginWebAppContext.doStart(Jetty6PluginWebAppContext.java:115)
	at org.mortbay.component.AbstractLifeCycle.start(AbstractLifeCycle.java:50)
	at org.mortbay.jetty.handler.HandlerCollection.doStart(HandlerCollection.java:152)
	at org.mortbay.jetty.handler.ContextHandlerCollection.doStart(ContextHandlerCollection.java:156)
	at org.mortbay.component.AbstractLifeCycle.start(AbstractLifeCycle.java:50)
	at org.mortbay.jetty.handler.HandlerCollection.doStart(HandlerCollection.java:152)
	at org.mortbay.component.AbstractLifeCycle.start(AbstractLifeCycle.java:50)
	at org.mortbay.jetty.handler.HandlerWrapper.doStart(HandlerWrapper.java:130)
	at org.mortbay.jetty.Server.doStart(Server.java:224)
	at org.mortbay.component.AbstractLifeCycle.start(AbstractLifeCycle.java:50)
	at org.mortbay.jetty.plugin.Jetty6PluginServer.start(Jetty6PluginServer.java:132)
	at org.mortbay.jetty.plugin.AbstractJettyMojo.startJetty(AbstractJettyMojo.java:441)
	at org.mortbay.jetty.plugin.AbstractJettyMojo.execute(AbstractJettyMojo.java:383)
	at org.mortbay.jetty.plugin.AbstractJettyRunMojo.execute(AbstractJettyRunMojo.java:210)
	at org.mortbay.jetty.plugin.Jetty6RunMojo.execute(Jetty6RunMojo.java:184)
	at org.apache.maven.plugin.DefaultBuildPluginManager.executeMojo(DefaultBuildPluginManager.java:101)
	at org.apache.maven.lifecycle.internal.MojoExecutor.execute(MojoExecutor.java:209)
	at org.apache.maven.lifecycle.internal.MojoExecutor.execute(MojoExecutor.java:153)
	at org.apache.maven.lifecycle.internal.MojoExecutor.execute(MojoExecutor.java:145)
	at org.apache.maven.lifecycle.internal.LifecycleModuleBuilder.buildProject(LifecycleModuleBuilder.java:84)
	at org.apache.maven.lifecycle.internal.LifecycleModuleBuilder.buildProject(LifecycleModuleBuilder.java:59)
	at org.apache.maven.lifecycle.internal.LifecycleStarter.singleThreadedBuild(LifecycleStarter.java:183)
	at org.apache.maven.lifecycle.internal.LifecycleStarter.execute(LifecycleStarter.java:161)
	at org.apache.maven.DefaultMaven.doExecute(DefaultMaven.java:320)
	at org.apache.maven.DefaultMaven.execute(DefaultMaven.java:156)
	at org.apache.maven.cli.MavenCli.execute(MavenCli.java:537)
	at org.apache.maven.cli.MavenCli.doMain(MavenCli.java:196)
	at org.apache.maven.cli.MavenCli.main(MavenCli.java:141)
	at sun.reflect.NativeMethodAccessorImpl.invoke0(Native Method)
	at sun.reflect.NativeMethodAccessorImpl.invoke(NativeMethodAccessorImpl.java:62)
	at sun.reflect.DelegatingMethodAccessorImpl.invoke(DelegatingMethodAccessorImpl.java:43)
	at java.lang.reflect.Method.invoke(Method.java:498)
	at org.codehaus.plexus.classworlds.launcher.Launcher.launchEnhanced(Launcher.java:290)
	at org.codehaus.plexus.classworlds.launcher.Launcher.launch(Launcher.java:230)
	at org.codehaus.plexus.classworlds.launcher.Launcher.mainWithExitCode(Launcher.java:409)
	at org.codehaus.plexus.classworlds.launcher.Launcher.main(Launcher.java:352)
	at org.codehaus.classworlds.Launcher.main(Launcher.java:47)
	at sun.reflect.NativeMethodAccessorImpl.invoke0(Native Method)
	at sun.reflect.NativeMethodAccessorImpl.invoke(NativeMethodAccessorImpl.java:62)
	at sun.reflect.DelegatingMethodAccessorImpl.invoke(DelegatingMethodAccessorImpl.java:43)
	at java.lang.reflect.Method.invoke(Method.java:498)
	at com.intellij.rt.execution.application.AppMain.main(AppMain.java:144)
Caused by: org.springframework.beans.TypeMismatchException: Failed to convert property value of type 'java.lang.String' to required type 'int' for property 'maxPoolSize'; nested exception is java.lang.NumberFormatException: For input string: "${jdbc.maxPoolSize}"
	at org.springframework.beans.BeanWrapperImpl.convertIfNecessary(BeanWrapperImpl.java:468)
	at org.springframework.beans.BeanWrapperImpl.convertForProperty(BeanWrapperImpl.java:494)
	at org.springframework.beans.BeanWrapperImpl.convertForProperty(BeanWrapperImpl.java:488)
	at org.springframework.beans.factory.support.AbstractAutowireCapableBeanFactory.convertForProperty(AbstractAutowireCapableBeanFactory.java:1463)
	at org.springframework.beans.factory.support.AbstractAutowireCapableBeanFactory.applyPropertyValues(AbstractAutowireCapableBeanFactory.java:1422)
	at org.springframework.beans.factory.support.AbstractAutowireCapableBeanFactory.populateBean(AbstractAutowireCapableBeanFactory.java:1158)
	at org.springframework.beans.factory.support.AbstractAutowireCapableBeanFactory.doCreateBean(AbstractAutowireCapableBeanFactory.java:519)
	... 58 more
Caused by: java.lang.NumberFormatException: For input string: "${jdbc.maxPoolSize}"
	at java.lang.NumberFormatException.forInputString(NumberFormatException.java:65)
	at java.lang.Integer.parseInt(Integer.java:569)
	at java.lang.Integer.valueOf(Integer.java:766)
	at org.springframework.util.NumberUtils.parseNumber(NumberUtils.java:155)
	at org.springframework.beans.propertyeditors.CustomNumberEditor.setAsText(CustomNumberEditor.java:115)
	at org.springframework.beans.TypeConverterDelegate.doConvertTextValue(TypeConverterDelegate.java:455)
	at org.springframework.beans.TypeConverterDelegate.doConvertValue(TypeConverterDelegate.java:427)
	at org.springframework.beans.TypeConverterDelegate.convertIfNecessary(TypeConverterDelegate.java:181)
	at org.springframework.beans.BeanWrapperImpl.convertIfNecessary(BeanWrapperImpl.java:448)
	... 64 more
