 INFO [2018/09/25 17:11:06,441] main ContextLoader.initWebApplicationContext(line:285): Root WebApplicationContext: initialization started
DEBUG [2018/09/25 17:11:06,523] main StandardServletEnvironment.addLast(line:107): Adding [servletConfigInitParams] PropertySource with lowest search precedence
DEBUG [2018/09/25 17:11:06,524] main StandardServletEnvironment.addLast(line:107): Adding [servletContextInitParams] PropertySource with lowest search precedence
DEBUG [2018/09/25 17:11:06,528] main StandardServletEnvironment.addLast(line:107): Adding [jndiProperties] PropertySource with lowest search precedence
DEBUG [2018/09/25 17:11:06,529] main StandardServletEnvironment.addLast(line:107): Adding [systemProperties] PropertySource with lowest search precedence
DEBUG [2018/09/25 17:11:06,531] main StandardServletEnvironment.addLast(line:107): Adding [systemEnvironment] PropertySource with lowest search precedence
DEBUG [2018/09/25 17:11:06,532] main StandardServletEnvironment.<init>(line:126): Initialized StandardServletEnvironment with PropertySources [servletConfigInitParams,servletContextInitParams,jndiProperties,systemProperties,systemEnvironment]
DEBUG [2018/09/25 17:11:06,537] main StandardServletEnvironment.replace(line:172): Replacing [servletContextInitParams] PropertySource with [servletContextInitParams]
 INFO [2018/09/25 17:11:06,541] main XmlWebApplicationContext.prepareRefresh(line:510): Refreshing Root WebApplicationContext: startup date [Tue Sep 25 17:11:06 CST 2018]; root of context hierarchy
DEBUG [2018/09/25 17:11:06,577] main StandardEnvironment.addLast(line:107): Adding [systemProperties] PropertySource with lowest search precedence
DEBUG [2018/09/25 17:11:06,577] main StandardEnvironment.addLast(line:107): Adding [systemEnvironment] PropertySource with lowest search precedence
DEBUG [2018/09/25 17:11:06,578] main StandardEnvironment.<init>(line:126): Initialized StandardEnvironment with PropertySources [systemProperties,systemEnvironment]
 INFO [2018/09/25 17:11:06,585] main XmlBeanDefinitionReader.loadBeanDefinitions(line:315): Loading XML bean definitions from class path resource [application-context.xml]
DEBUG [2018/09/25 17:11:06,587] main DefaultDocumentLoader.loadDocument(line:72): Using JAXP provider [com.sun.org.apache.xerces.internal.jaxp.DocumentBuilderFactoryImpl]
DEBUG [2018/09/25 17:11:06,712] main PluggableSchemaResolver.getSchemaMappings(line:140): Loading schema mappings from [META-INF/spring.schemas]
DEBUG [2018/09/25 17:11:06,716] main PluggableSchemaResolver.getSchemaMappings(line:146): Loaded schema mappings: {http://mybatis.org/schema/mybatis-spring-1.2.xsd=org/mybatis/spring/config/mybatis-spring-1.2.xsd, http://www.springframework.org/schema/jee/spring-jee-3.2.xsd=org/springframework/ejb/config/spring-jee-3.2.xsd, http://www.springframework.org/schema/util/spring-util.xsd=org/springframework/beans/factory/xml/spring-util-3.2.xsd, http://www.springframework.org/schema/mvc/spring-mvc-3.1.xsd=org/springframework/web/servlet/config/spring-mvc-3.1.xsd, http://www.springframework.org/schema/task/spring-task.xsd=org/springframework/scheduling/config/spring-task-3.2.xsd, http://www.springframework.org/schema/beans/spring-beans-3.1.xsd=org/springframework/beans/factory/xml/spring-beans-3.1.xsd, http://www.springframework.org/schema/cache/spring-cache.xsd=org/springframework/cache/config/spring-cache-3.2.xsd, http://www.springframework.org/schema/aop/spring-aop-3.0.xsd=org/springframework/aop/config/spring-aop-3.0.xsd, http://www.springframework.org/schema/task/spring-task-3.1.xsd=org/springframework/scheduling/config/spring-task-3.1.xsd, http://www.springframework.org/schema/aop/spring-aop-2.0.xsd=org/springframework/aop/config/spring-aop-2.0.xsd, http://www.springframework.org/schema/tool/spring-tool-2.5.xsd=org/springframework/beans/factory/xml/spring-tool-2.5.xsd, http://www.springframework.org/schema/beans/spring-beans.xsd=org/springframework/beans/factory/xml/spring-beans-3.2.xsd, http://www.springframework.org/schema/jee/spring-jee-2.5.xsd=org/springframework/ejb/config/spring-jee-2.5.xsd, http://www.springframework.org/schema/jdbc/spring-jdbc-3.1.xsd=org/springframework/jdbc/config/spring-jdbc-3.1.xsd, http://www.springframework.org/schema/tool/spring-tool-3.1.xsd=org/springframework/beans/factory/xml/spring-tool-3.1.xsd, http://www.springframework.org/schema/jee/spring-jee-3.1.xsd=org/springframework/ejb/config/spring-jee-3.1.xsd, http://www.springframework.org/schema/aop/spring-aop.xsd=org/springframework/aop/config/spring-aop-3.2.xsd, http://www.springframework.org/schema/context/spring-context-3.2.xsd=org/springframework/context/config/spring-context-3.2.xsd, http://www.springframework.org/schema/tx/spring-tx-3.2.xsd=org/springframework/transaction/config/spring-tx-3.2.xsd, http://www.springframework.org/schema/beans/spring-beans-2.0.xsd=org/springframework/beans/factory/xml/spring-beans-2.0.xsd, http://www.springframework.org/schema/util/spring-util-3.2.xsd=org/springframework/beans/factory/xml/spring-util-3.2.xsd, http://www.springframework.org/schema/mvc/spring-mvc-3.0.xsd=org/springframework/web/servlet/config/spring-mvc-3.0.xsd, http://www.springframework.org/schema/lang/spring-lang-3.2.xsd=org/springframework/scripting/config/spring-lang-3.2.xsd, http://www.springframework.org/schema/beans/spring-beans-3.0.xsd=org/springframework/beans/factory/xml/spring-beans-3.0.xsd, http://www.springframework.org/schema/cache/spring-cache-3.2.xsd=org/springframework/cache/config/spring-cache-3.2.xsd, http://www.springframework.org/schema/task/spring-task-3.0.xsd=org/springframework/scheduling/config/spring-task-3.0.xsd, http://mybatis.org/schema/mybatis-spring.xsd=org/mybatis/spring/config/mybatis-spring-1.2.xsd, http://www.springframework.org/schema/context/spring-context-2.5.xsd=org/springframework/context/config/spring-context-2.5.xsd, http://www.springframework.org/schema/tx/spring-tx-2.5.xsd=org/springframework/transaction/config/spring-tx-2.5.xsd, http://www.springframework.org/schema/jdbc/spring-jdbc-3.0.xsd=org/springframework/jdbc/config/spring-jdbc-3.0.xsd, http://www.springframework.org/schema/tool/spring-tool-3.0.xsd=org/springframework/beans/factory/xml/spring-tool-3.0.xsd, http://www.springframework.org/schema/lang/spring-lang.xsd=org/springframework/scripting/config/spring-lang-3.2.xsd, http://www.springframework.org/schema/tx/spring-tx.xsd=org/springframework/transaction/config/spring-tx-3.2.xsd, http://www.springframework.org/schema/tool/spring-tool-2.0.xsd=org/springframework/beans/factory/xml/spring-tool-2.0.xsd, http://www.springframework.org/schema/util/spring-util-2.5.xsd=org/springframework/beans/factory/xml/spring-util-2.5.xsd, http://www.springframework.org/schema/lang/spring-lang-2.5.xsd=org/springframework/scripting/config/spring-lang-2.5.xsd, http://www.springframework.org/schema/aop/spring-aop-3.2.xsd=org/springframework/aop/config/spring-aop-3.2.xsd, http://www.springframework.org/schema/jee/spring-jee-3.0.xsd=org/springframework/ejb/config/spring-jee-3.0.xsd, http://www.springframework.org/schema/jee/spring-jee-2.0.xsd=org/springframework/ejb/config/spring-jee-2.0.xsd, http://www.springframework.org/schema/context/spring-context-3.1.xsd=org/springframework/context/config/spring-context-3.1.xsd, http://www.springframework.org/schema/tx/spring-tx-3.1.xsd=org/springframework/transaction/config/spring-tx-3.1.xsd, http://www.springframework.org/schema/util/spring-util-3.1.xsd=org/springframework/beans/factory/xml/spring-util-3.1.xsd, http://www.springframework.org/schema/lang/spring-lang-3.1.xsd=org/springframework/scripting/config/spring-lang-3.1.xsd, http://www.springframework.org/schema/cache/spring-cache-3.1.xsd=org/springframework/cache/config/spring-cache-3.1.xsd, http://www.springframework.org/schema/context/spring-context.xsd=org/springframework/context/config/spring-context-3.2.xsd, http://www.springframework.org/schema/jee/spring-jee.xsd=org/springframework/ejb/config/spring-jee-3.2.xsd, http://www.springframework.org/schema/aop/spring-aop-2.5.xsd=org/springframework/aop/config/spring-aop-2.5.xsd, http://www.springframework.org/schema/mvc/spring-mvc.xsd=org/springframework/web/servlet/config/spring-mvc-3.2.xsd, http://www.springframework.org/schema/mvc/spring-mvc-3.2.xsd=org/springframework/web/servlet/config/spring-mvc-3.2.xsd, http://www.springframework.org/schema/jdbc/spring-jdbc.xsd=org/springframework/jdbc/config/spring-jdbc-3.2.xsd, http://www.springframework.org/schema/beans/spring-beans-3.2.xsd=org/springframework/beans/factory/xml/spring-beans-3.2.xsd, http://www.springframework.org/schema/tx/spring-tx-2.0.xsd=org/springframework/transaction/config/spring-tx-2.0.xsd, http://www.springframework.org/schema/aop/spring-aop-3.1.xsd=org/springframework/aop/config/spring-aop-3.1.xsd, http://www.springframework.org/schema/task/spring-task-3.2.xsd=org/springframework/scheduling/config/spring-task-3.2.xsd, http://www.springframework.org/schema/context/spring-context-3.0.xsd=org/springframework/context/config/spring-context-3.0.xsd, http://www.springframework.org/schema/tx/spring-tx-3.0.xsd=org/springframework/transaction/config/spring-tx-3.0.xsd, http://www.springframework.org/schema/tool/spring-tool.xsd=org/springframework/beans/factory/xml/spring-tool-3.2.xsd, http://www.springframework.org/schema/util/spring-util-3.0.xsd=org/springframework/beans/factory/xml/spring-util-3.0.xsd, http://www.springframework.org/schema/lang/spring-lang-3.0.xsd=org/springframework/scripting/config/spring-lang-3.0.xsd, http://www.springframework.org/schema/util/spring-util-2.0.xsd=org/springframework/beans/factory/xml/spring-util-2.0.xsd, http://www.springframework.org/schema/lang/spring-lang-2.0.xsd=org/springframework/scripting/config/spring-lang-2.0.xsd, http://www.springframework.org/schema/jdbc/spring-jdbc-3.2.xsd=org/springframework/jdbc/config/spring-jdbc-3.2.xsd, http://www.springframework.org/schema/tool/spring-tool-3.2.xsd=org/springframework/beans/factory/xml/spring-tool-3.2.xsd, http://www.springframework.org/schema/beans/spring-beans-2.5.xsd=org/springframework/beans/factory/xml/spring-beans-2.5.xsd}
DEBUG [2018/09/25 17:11:06,720] main PluggableSchemaResolver.resolveEntity(line:118): Found XML schema [http://www.springframework.org/schema/beans/spring-beans-3.0.xsd] in classpath: org/springframework/beans/factory/xml/spring-beans-3.0.xsd
DEBUG [2018/09/25 17:11:06,766] main DefaultBeanDefinitionDocumentReader.registerBeanDefinitions(line:106): Loading bean definitions
 INFO [2018/09/25 17:11:06,775] main XmlBeanDefinitionReader.loadBeanDefinitions(line:315): Loading XML bean definitions from URL [jar:file:/C:/Users/hongming/.m2/repository/com/education/gkzx/gkzx-dao/1.0-SNAPSHOT/gkzx-dao-1.0-SNAPSHOT.jar!/applicationContext-dao.xml]
DEBUG [2018/09/25 17:11:06,777] main DefaultDocumentLoader.loadDocument(line:72): Using JAXP provider [com.sun.org.apache.xerces.internal.jaxp.DocumentBuilderFactoryImpl]
DEBUG [2018/09/25 17:11:06,779] main PluggableSchemaResolver.resolveEntity(line:118): Found XML schema [http://www.springframework.org/schema/beans/spring-beans.xsd] in classpath: org/springframework/beans/factory/xml/spring-beans-3.2.xsd
DEBUG [2018/09/25 17:11:06,798] main PluggableSchemaResolver.resolveEntity(line:118): Found XML schema [http://www.springframework.org/schema/tx/spring-tx-3.0.xsd] in classpath: org/springframework/transaction/config/spring-tx-3.0.xsd
DEBUG [2018/09/25 17:11:06,800] main PluggableSchemaResolver.resolveEntity(line:118): Found XML schema [http://www.springframework.org/schema/tool/spring-tool-3.0.xsd] in classpath: org/springframework/beans/factory/xml/spring-tool-3.0.xsd
DEBUG [2018/09/25 17:11:06,804] main DefaultBeanDefinitionDocumentReader.registerBeanDefinitions(line:106): Loading bean definitions
DEBUG [2018/09/25 17:11:06,819] main DefaultNamespaceHandlerResolver.getHandlerMappings(line:156): Loaded NamespaceHandler mappings: {http://www.springframework.org/schema/p=org.springframework.beans.factory.xml.SimplePropertyNamespaceHandler, http://www.springframework.org/schema/mvc=org.springframework.web.servlet.config.MvcNamespaceHandler, http://www.springframework.org/schema/util=org.springframework.beans.factory.xml.UtilNamespaceHandler, http://www.springframework.org/schema/jee=org.springframework.ejb.config.JeeNamespaceHandler, http://www.springframework.org/schema/aop=org.springframework.aop.config.AopNamespaceHandler, http://www.springframework.org/schema/jdbc=org.springframework.jdbc.config.JdbcNamespaceHandler, http://www.springframework.org/schema/cache=org.springframework.cache.config.CacheNamespaceHandler, http://mybatis.org/schema/mybatis-spring=org.mybatis.spring.config.NamespaceHandler, http://www.springframework.org/schema/c=org.springframework.beans.factory.xml.SimpleConstructorNamespaceHandler, http://www.springframework.org/schema/tx=org.springframework.transaction.config.TxNamespaceHandler, http://www.springframework.org/schema/task=org.springframework.scheduling.config.TaskNamespaceHandler, http://www.springframework.org/schema/lang=org.springframework.scripting.config.LangNamespaceHandler, http://www.springframework.org/schema/context=org.springframework.context.config.ContextNamespaceHandler}
DEBUG [2018/09/25 17:11:06,837] main BeanDefinitionParserDelegate.parseBeanDefinitionElement(line:500): Neither XML 'id' nor 'name' specified - using generated bean name [org.mybatis.spring.mapper.MapperScannerConfigurer#0]
DEBUG [2018/09/25 17:11:06,837] main XmlBeanDefinitionReader.loadBeanDefinitions(line:216): Loaded 10 bean definitions from location pattern [classpath*:applicationContext-dao.xml]
DEBUG [2018/09/25 17:11:06,837] main DefaultBeanDefinitionDocumentReader.importBeanDefinitionResource(line:252): Imported 10 bean definitions from URL location [classpath*:applicationContext-dao.xml]
 INFO [2018/09/25 17:11:06,839] main XmlBeanDefinitionReader.loadBeanDefinitions(line:315): Loading XML bean definitions from URL [jar:file:/C:/Users/hongming/.m2/repository/com/education/gkzx/gkzx-biz/1.0-SNAPSHOT/gkzx-biz-1.0-SNAPSHOT.jar!/applicationContext-biz.xml]
DEBUG [2018/09/25 17:11:06,840] main DefaultDocumentLoader.loadDocument(line:72): Using JAXP provider [com.sun.org.apache.xerces.internal.jaxp.DocumentBuilderFactoryImpl]
DEBUG [2018/09/25 17:11:06,842] main PluggableSchemaResolver.resolveEntity(line:118): Found XML schema [http://www.springframework.org/schema/beans/spring-beans.xsd] in classpath: org/springframework/beans/factory/xml/spring-beans-3.2.xsd
DEBUG [2018/09/25 17:11:06,853] main PluggableSchemaResolver.resolveEntity(line:118): Found XML schema [http://www.springframework.org/schema/context/spring-context.xsd] in classpath: org/springframework/context/config/spring-context-3.2.xsd
DEBUG [2018/09/25 17:11:06,857] main PluggableSchemaResolver.resolveEntity(line:118): Found XML schema [http://www.springframework.org/schema/tool/spring-tool-3.2.xsd] in classpath: org/springframework/beans/factory/xml/spring-tool-3.2.xsd
DEBUG [2018/09/25 17:11:06,861] main DefaultBeanDefinitionDocumentReader.registerBeanDefinitions(line:106): Loading bean definitions
DEBUG [2018/09/25 17:11:06,875] main StandardEnvironment.addLast(line:107): Adding [systemProperties] PropertySource with lowest search precedence
DEBUG [2018/09/25 17:11:06,876] main StandardEnvironment.addLast(line:107): Adding [systemEnvironment] PropertySource with lowest search precedence
DEBUG [2018/09/25 17:11:06,876] main StandardEnvironment.<init>(line:126): Initialized StandardEnvironment with PropertySources [systemProperties,systemEnvironment]
DEBUG [2018/09/25 17:11:06,882] main PathMatchingResourcePatternResolver.findPathMatchingResources(line:354): Resolved location pattern [classpath*:com/education/gkzx/biz/**/*.class] to resources []
DEBUG [2018/09/25 17:11:06,882] main XmlBeanDefinitionReader.loadBeanDefinitions(line:216): Loaded 4 bean definitions from location pattern [classpath*:applicationContext-biz.xml]
DEBUG [2018/09/25 17:11:06,882] main DefaultBeanDefinitionDocumentReader.importBeanDefinitionResource(line:252): Imported 4 bean definitions from URL location [classpath*:applicationContext-biz.xml]
DEBUG [2018/09/25 17:11:06,883] main XmlBeanDefinitionReader.loadBeanDefinitions(line:216): Loaded 0 bean definitions from location pattern [classpath*:applicationContext-consumer.xml]
DEBUG [2018/09/25 17:11:06,883] main DefaultBeanDefinitionDocumentReader.importBeanDefinitionResource(line:252): Imported 0 bean definitions from URL location [classpath*:applicationContext-consumer.xml]
DEBUG [2018/09/25 17:11:06,883] main XmlBeanDefinitionReader.loadBeanDefinitions(line:216): Loaded 14 bean definitions from location pattern [classpath:application-context.xml]
DEBUG [2018/09/25 17:11:06,884] main XmlWebApplicationContext.obtainFreshBeanFactory(line:540): Bean factory for Root WebApplicationContext: org.springframework.beans.factory.support.DefaultListableBeanFactory@68e62ca4: defining beans [dataSource,sqlSessionFactory,sqlSession,jdbTransactionManager,transactionTemplate,org.springframework.aop.config.internalAutoProxyCreator,org.springframework.transaction.annotation.AnnotationTransactionAttributeSource#0,org.springframework.transaction.interceptor.TransactionInterceptor#0,org.springframework.transaction.config.internalTransactionAdvisor,org.mybatis.spring.mapper.MapperScannerConfigurer#0,org.springframework.context.annotation.internalConfigurationAnnotationProcessor,org.springframework.context.annotation.internalAutowiredAnnotationProcessor,org.springframework.context.annotation.internalRequiredAnnotationProcessor,org.springframework.context.annotation.internalCommonAnnotationProcessor]; root of factory hierarchy
DEBUG [2018/09/25 17:11:06,907] main DefaultListableBeanFactory.getSingleton(line:215): Creating shared instance of singleton bean 'org.mybatis.spring.mapper.MapperScannerConfigurer#0'
DEBUG [2018/09/25 17:11:06,908] main DefaultListableBeanFactory.createBean(line:432): Creating instance of bean 'org.mybatis.spring.mapper.MapperScannerConfigurer#0'
DEBUG [2018/09/25 17:11:06,924] main DefaultListableBeanFactory.doCreateBean(line:506): Eagerly caching bean 'org.mybatis.spring.mapper.MapperScannerConfigurer#0' to allow for resolving potential circular references
DEBUG [2018/09/25 17:11:06,978] main DefaultListableBeanFactory.invokeInitMethods(line:1555): Invoking afterPropertiesSet() on bean with name 'org.mybatis.spring.mapper.MapperScannerConfigurer#0'
DEBUG [2018/09/25 17:11:06,980] main DefaultListableBeanFactory.createBean(line:460): Finished creating instance of bean 'org.mybatis.spring.mapper.MapperScannerConfigurer#0'
DEBUG [2018/09/25 17:11:06,980] main DefaultListableBeanFactory.getSingleton(line:215): Creating shared instance of singleton bean 'org.springframework.context.annotation.internalConfigurationAnnotationProcessor'
DEBUG [2018/09/25 17:11:06,980] main DefaultListableBeanFactory.createBean(line:432): Creating instance of bean 'org.springframework.context.annotation.internalConfigurationAnnotationProcessor'
DEBUG [2018/09/25 17:11:06,982] main DefaultListableBeanFactory.doCreateBean(line:506): Eagerly caching bean 'org.springframework.context.annotation.internalConfigurationAnnotationProcessor' to allow for resolving potential circular references
DEBUG [2018/09/25 17:11:06,983] main DefaultListableBeanFactory.createBean(line:460): Finished creating instance of bean 'org.springframework.context.annotation.internalConfigurationAnnotationProcessor'
DEBUG [2018/09/25 17:11:07,039] main StandardEnvironment.addLast(line:107): Adding [systemProperties] PropertySource with lowest search precedence
DEBUG [2018/09/25 17:11:07,040] main StandardEnvironment.addLast(line:107): Adding [systemEnvironment] PropertySource with lowest search precedence
DEBUG [2018/09/25 17:11:07,040] main StandardEnvironment.<init>(line:126): Initialized StandardEnvironment with PropertySources [systemProperties,systemEnvironment]
DEBUG [2018/09/25 17:11:07,043] main PathMatchingResourcePatternResolver.findPathMatchingResources(line:354): Resolved location pattern [classpath*:com/education/gkzx/dao/mapper/**/*.class] to resources []
 WARN [2018/09/25 17:11:07,044] main ClassPathMapperScanner.doScan(line:167): No MyBatis mapper was found in '[com.education.gkzx.dao.mapper]' package. Please check your configuration.
DEBUG [2018/09/25 17:11:07,046] main DefaultListableBeanFactory.getSingleton(line:215): Creating shared instance of singleton bean 'org.springframework.context.annotation.internalAutowiredAnnotationProcessor'
DEBUG [2018/09/25 17:11:07,046] main DefaultListableBeanFactory.createBean(line:432): Creating instance of bean 'org.springframework.context.annotation.internalAutowiredAnnotationProcessor'
DEBUG [2018/09/25 17:11:07,048] main DefaultListableBeanFactory.doCreateBean(line:506): Eagerly caching bean 'org.springframework.context.annotation.internalAutowiredAnnotationProcessor' to allow for resolving potential circular references
DEBUG [2018/09/25 17:11:07,048] main DefaultListableBeanFactory.createBean(line:460): Finished creating instance of bean 'org.springframework.context.annotation.internalAutowiredAnnotationProcessor'
DEBUG [2018/09/25 17:11:07,049] main DefaultListableBeanFactory.getSingleton(line:215): Creating shared instance of singleton bean 'org.springframework.context.annotation.internalRequiredAnnotationProcessor'
DEBUG [2018/09/25 17:11:07,049] main DefaultListableBeanFactory.createBean(line:432): Creating instance of bean 'org.springframework.context.annotation.internalRequiredAnnotationProcessor'
DEBUG [2018/09/25 17:11:07,049] main DefaultListableBeanFactory.doCreateBean(line:506): Eagerly caching bean 'org.springframework.context.annotation.internalRequiredAnnotationProcessor' to allow for resolving potential circular references
DEBUG [2018/09/25 17:11:07,050] main DefaultListableBeanFactory.createBean(line:460): Finished creating instance of bean 'org.springframework.context.annotation.internalRequiredAnnotationProcessor'
DEBUG [2018/09/25 17:11:07,050] main DefaultListableBeanFactory.getSingleton(line:215): Creating shared instance of singleton bean 'org.springframework.context.annotation.internalCommonAnnotationProcessor'
DEBUG [2018/09/25 17:11:07,050] main DefaultListableBeanFactory.createBean(line:432): Creating instance of bean 'org.springframework.context.annotation.internalCommonAnnotationProcessor'
DEBUG [2018/09/25 17:11:07,065] main DefaultListableBeanFactory.doCreateBean(line:506): Eagerly caching bean 'org.springframework.context.annotation.internalCommonAnnotationProcessor' to allow for resolving potential circular references
DEBUG [2018/09/25 17:11:07,066] main DefaultListableBeanFactory.createBean(line:460): Finished creating instance of bean 'org.springframework.context.annotation.internalCommonAnnotationProcessor'
DEBUG [2018/09/25 17:11:07,066] main DefaultListableBeanFactory.getSingleton(line:215): Creating shared instance of singleton bean 'org.springframework.context.annotation.ConfigurationClassPostProcessor.importAwareProcessor'
DEBUG [2018/09/25 17:11:07,066] main DefaultListableBeanFactory.createBean(line:432): Creating instance of bean 'org.springframework.context.annotation.ConfigurationClassPostProcessor.importAwareProcessor'
DEBUG [2018/09/25 17:11:07,067] main DefaultListableBeanFactory.doCreateBean(line:506): Eagerly caching bean 'org.springframework.context.annotation.ConfigurationClassPostProcessor.importAwareProcessor' to allow for resolving potential circular references
DEBUG [2018/09/25 17:11:07,067] main DefaultListableBeanFactory.createBean(line:460): Finished creating instance of bean 'org.springframework.context.annotation.ConfigurationClassPostProcessor.importAwareProcessor'
DEBUG [2018/09/25 17:11:07,067] main DefaultListableBeanFactory.getSingleton(line:215): Creating shared instance of singleton bean 'org.springframework.aop.config.internalAutoProxyCreator'
DEBUG [2018/09/25 17:11:07,067] main DefaultListableBeanFactory.createBean(line:432): Creating instance of bean 'org.springframework.aop.config.internalAutoProxyCreator'
DEBUG [2018/09/25 17:11:07,074] main DefaultListableBeanFactory.doCreateBean(line:506): Eagerly caching bean 'org.springframework.aop.config.internalAutoProxyCreator' to allow for resolving potential circular references
DEBUG [2018/09/25 17:11:07,085] main DefaultListableBeanFactory.createBean(line:460): Finished creating instance of bean 'org.springframework.aop.config.internalAutoProxyCreator'
DEBUG [2018/09/25 17:11:07,088] main XmlWebApplicationContext.initMessageSource(line:807): Unable to locate MessageSource with name 'messageSource': using default [org.springframework.context.support.DelegatingMessageSource@6e1f8469]
DEBUG [2018/09/25 17:11:07,090] main XmlWebApplicationContext.initApplicationEventMulticaster(line:831): Unable to locate ApplicationEventMulticaster with name 'applicationEventMulticaster': using default [org.springframework.context.event.SimpleApplicationEventMulticaster@652ab8d9]
DEBUG [2018/09/25 17:11:07,092] main UiApplicationContextUtils.initThemeSource(line:85): Unable to locate ThemeSource with name 'themeSource': using default [org.springframework.ui.context.support.ResourceBundleThemeSource@25a73de1]
 INFO [2018/09/25 17:11:07,095] main DefaultListableBeanFactory.preInstantiateSingletons(line:603): Pre-instantiating singletons in org.springframework.beans.factory.support.DefaultListableBeanFactory@68e62ca4: defining beans [dataSource,sqlSessionFactory,sqlSession,jdbTransactionManager,transactionTemplate,org.springframework.aop.config.internalAutoProxyCreator,org.springframework.transaction.annotation.AnnotationTransactionAttributeSource#0,org.springframework.transaction.interceptor.TransactionInterceptor#0,org.springframework.transaction.config.internalTransactionAdvisor,org.mybatis.spring.mapper.MapperScannerConfigurer#0,org.springframework.context.annotation.internalConfigurationAnnotationProcessor,org.springframework.context.annotation.internalAutowiredAnnotationProcessor,org.springframework.context.annotation.internalRequiredAnnotationProcessor,org.springframework.context.annotation.internalCommonAnnotationProcessor,org.springframework.context.annotation.ConfigurationClassPostProcessor.importAwareProcessor]; root of factory hierarchy
DEBUG [2018/09/25 17:11:07,095] main DefaultListableBeanFactory.getSingleton(line:215): Creating shared instance of singleton bean 'dataSource'
DEBUG [2018/09/25 17:11:07,095] main DefaultListableBeanFactory.createBean(line:432): Creating instance of bean 'dataSource'
 INFO [2018/09/25 17:11:07,115] main MLog.<clinit>(line:80): MLog clients using log4j logging.
 INFO [2018/09/25 17:11:07,312] main C3P0Registry.banner(line:204): Initializing c3p0-0.9.1.2 [built 21-May-2007 15:04:56; debug? true; trace: 10]
DEBUG [2018/09/25 17:11:07,338] main DynamicPooledDataSourceManagerMBean.reinitialize(line:236): MBean: com.mchange.v2.c3p0:type=PooledDataSource[1br2osr9y4fs7nl57hres|1b005a0b] registered.
DEBUG [2018/09/25 17:11:07,352] main DefaultListableBeanFactory.doCreateBean(line:506): Eagerly caching bean 'dataSource' to allow for resolving potential circular references
 INFO [2018/09/25 17:11:07,371] main DefaultListableBeanFactory.destroySingletons(line:444): Destroying singletons in org.springframework.beans.factory.support.DefaultListableBeanFactory@68e62ca4: defining beans [dataSource,sqlSessionFactory,sqlSession,jdbTransactionManager,transactionTemplate,org.springframework.aop.config.internalAutoProxyCreator,org.springframework.transaction.annotation.AnnotationTransactionAttributeSource#0,org.springframework.transaction.interceptor.TransactionInterceptor#0,org.springframework.transaction.config.internalTransactionAdvisor,org.mybatis.spring.mapper.MapperScannerConfigurer#0,org.springframework.context.annotation.internalConfigurationAnnotationProcessor,org.springframework.context.annotation.internalAutowiredAnnotationProcessor,org.springframework.context.annotation.internalRequiredAnnotationProcessor,org.springframework.context.annotation.internalCommonAnnotationProcessor,org.springframework.context.annotation.ConfigurationClassPostProcessor.importAwareProcessor]; root of factory hierarchy
ERROR [2018/09/25 17:11:07,372] main ContextLoader.initWebApplicationContext(line:331): Context initialization failed
org.springframework.beans.factory.BeanCreationException: Error creating bean with name 'dataSource' defined in URL [jar:file:/C:/Users/hongming/.m2/repository/com/education/gkzx/gkzx-dao/1.0-SNAPSHOT/gkzx-dao-1.0-SNAPSHOT.jar!/applicationContext-dao.xml]: Initialization of bean failed; nested exception is org.springframework.beans.TypeMismatchException: Failed to convert property value of type 'java.lang.String' to required type 'int' for property 'maxPoolSize'; nested exception is java.lang.NumberFormatException: For input string: "${jdbc.maxPoolSize}"
	at org.springframework.beans.factory.support.AbstractAutowireCapableBeanFactory.doCreateBean(AbstractAutowireCapableBeanFactory.java:529)
	at org.springframework.beans.factory.support.AbstractAutowireCapableBeanFactory.createBean(AbstractAutowireCapableBeanFactory.java:458)
	at org.springframework.beans.factory.support.AbstractBeanFactory$1.getObject(AbstractBeanFactory.java:296)
	at org.springframework.beans.factory.support.DefaultSingletonBeanRegistry.getSingleton(DefaultSingletonBeanRegistry.java:223)
	at org.springframework.beans.factory.support.AbstractBeanFactory.doGetBean(AbstractBeanFactory.java:293)
	at org.springframework.beans.factory.support.AbstractBeanFactory.getBean(AbstractBeanFactory.java:194)
	at org.springframework.beans.factory.support.DefaultListableBeanFactory.preInstantiateSingletons(DefaultListableBeanFactory.java:633)
	at org.springframework.context.support.AbstractApplicationContext.finishBeanFactoryInitialization(AbstractApplicationContext.java:932)
	at org.springframework.context.support.AbstractApplicationContext.refresh(AbstractApplicationContext.java:479)
	at org.springframework.web.context.ContextLoader.configureAndRefreshWebApplicationContext(ContextLoader.java:410)
	at org.springframework.web.context.ContextLoader.initWebApplicationContext(ContextLoader.java:306)
	at org.springframework.web.context.ContextLoaderListener.contextInitialized(ContextLoaderListener.java:112)
	at org.mortbay.jetty.handler.ContextHandler.startContext(ContextHandler.java:548)
	at org.mortbay.jetty.servlet.Context.startContext(Context.java:136)
	at org.mortbay.jetty.webapp.WebAppContext.startContext(WebAppContext.java:1250)
	at org.mortbay.jetty.handler.ContextHandler.doStart(ContextHandler.java:517)
	at org.mortbay.jetty.webapp.WebAppContext.doStart(WebAppContext.java:467)
	at org.mortbay.jetty.plugin.Jetty6PluginWebAppContext.doStart(Jetty6PluginWebAppContext.java:115)
	at org.mortbay.component.AbstractLifeCycle.start(AbstractLifeCycle.java:50)
	at org.mortbay.jetty.handler.HandlerCollection.doStart(HandlerCollection.java:152)
	at org.mortbay.jetty.handler.ContextHandlerCollection.doStart(ContextHandlerCollection.java:156)
	at org.mortbay.component.AbstractLifeCycle.start(AbstractLifeCycle.java:50)
	at org.mortbay.jetty.handler.HandlerCollection.doStart(HandlerCollection.java:152)
	at org.mortbay.component.AbstractLifeCycle.start(AbstractLifeCycle.java:50)
	at org.mortbay.jetty.handler.HandlerWrapper.doStart(HandlerWrapper.java:130)
	at org.mortbay.jetty.Server.doStart(Server.java:224)
	at org.mortbay.component.AbstractLifeCycle.start(AbstractLifeCycle.java:50)
	at org.mortbay.jetty.plugin.Jetty6PluginServer.start(Jetty6PluginServer.java:132)
	at org.mortbay.jetty.plugin.AbstractJettyMojo.startJetty(AbstractJettyMojo.java:441)
	at org.mortbay.jetty.plugin.AbstractJettyMojo.execute(AbstractJettyMojo.java:383)
	at org.mortbay.jetty.plugin.AbstractJettyRunMojo.execute(AbstractJettyRunMojo.java:210)
	at org.mortbay.jetty.plugin.Jetty6RunMojo.execute(Jetty6RunMojo.java:184)
	at org.apache.maven.plugin.DefaultBuildPluginManager.executeMojo(DefaultBuildPluginManager.java:101)
	at org.apache.maven.lifecycle.internal.MojoExecutor.execute(MojoExecutor.java:209)
	at org.apache.maven.lifecycle.internal.MojoExecutor.execute(MojoExecutor.java:153)
	at org.apache.maven.lifecycle.internal.MojoExecutor.execute(MojoExecutor.java:145)
	at org.apache.maven.lifecycle.internal.LifecycleModuleBuilder.buildProject(LifecycleModuleBuilder.java:84)
	at org.apache.maven.lifecycle.internal.LifecycleModuleBuilder.buildProject(LifecycleModuleBuilder.java:59)
	at org.apache.maven.lifecycle.internal.LifecycleStarter.singleThreadedBuild(LifecycleStarter.java:183)
	at org.apache.maven.lifecycle.internal.LifecycleStarter.execute(LifecycleStarter.java:161)
	at org.apache.maven.DefaultMaven.doExecute(DefaultMaven.java:320)
	at org.apache.maven.DefaultMaven.execute(DefaultMaven.java:156)
	at org.apache.maven.cli.MavenCli.execute(MavenCli.java:537)
	at org.apache.maven.cli.MavenCli.doMain(MavenCli.java:196)
	at org.apache.maven.cli.MavenCli.main(MavenCli.java:141)
	at sun.reflect.NativeMethodAccessorImpl.invoke0(Native Method)
	at sun.reflect.NativeMethodAccessorImpl.invoke(NativeMethodAccessorImpl.java:62)
	at sun.reflect.DelegatingMethodAccessorImpl.invoke(DelegatingMethodAccessorImpl.java:43)
	at java.lang.reflect.Method.invoke(Method.java:498)
	at org.codehaus.plexus.classworlds.launcher.Launcher.launchEnhanced(Launcher.java:290)
	at org.codehaus.plexus.classworlds.launcher.Launcher.launch(Launcher.java:230)
	at org.codehaus.plexus.classworlds.launcher.Launcher.mainWithExitCode(Launcher.java:409)
	at org.codehaus.plexus.classworlds.launcher.Launcher.main(Launcher.java:352)
	at org.codehaus.classworlds.Launcher.main(Launcher.java:47)
	at sun.reflect.NativeMethodAccessorImpl.invoke0(Native Method)
	at sun.reflect.NativeMethodAccessorImpl.invoke(NativeMethodAccessorImpl.java:62)
	at sun.reflect.DelegatingMethodAccessorImpl.invoke(DelegatingMethodAccessorImpl.java:43)
	at java.lang.reflect.Method.invoke(Method.java:498)
	at com.intellij.rt.execution.application.AppMain.main(AppMain.java:144)
Caused by: org.springframework.beans.TypeMismatchException: Failed to convert property value of type 'java.lang.String' to required type 'int' for property 'maxPoolSize'; nested exception is java.lang.NumberFormatException: For input string: "${jdbc.maxPoolSize}"
	at org.springframework.beans.BeanWrapperImpl.convertIfNecessary(BeanWrapperImpl.java:468)
	at org.springframework.beans.BeanWrapperImpl.convertForProperty(BeanWrapperImpl.java:494)
	at org.springframework.beans.BeanWrapperImpl.convertForProperty(BeanWrapperImpl.java:488)
	at org.springframework.beans.factory.support.AbstractAutowireCapableBeanFactory.convertForProperty(AbstractAutowireCapableBeanFactory.java:1463)
	at org.springframework.beans.factory.support.AbstractAutowireCapableBeanFactory.applyPropertyValues(AbstractAutowireCapableBeanFactory.java:1422)
	at org.springframework.beans.factory.support.AbstractAutowireCapableBeanFactory.populateBean(AbstractAutowireCapableBeanFactory.java:1158)
	at org.springframework.beans.factory.support.AbstractAutowireCapableBeanFactory.doCreateBean(AbstractAutowireCapableBeanFactory.java:519)
	... 58 more
Caused by: java.lang.NumberFormatException: For input string: "${jdbc.maxPoolSize}"
	at java.lang.NumberFormatException.forInputString(NumberFormatException.java:65)
	at java.lang.Integer.parseInt(Integer.java:569)
	at java.lang.Integer.valueOf(Integer.java:766)
	at org.springframework.util.NumberUtils.parseNumber(NumberUtils.java:155)
	at org.springframework.beans.propertyeditors.CustomNumberEditor.setAsText(CustomNumberEditor.java:115)
	at org.springframework.beans.TypeConverterDelegate.doConvertTextValue(TypeConverterDelegate.java:455)
	at org.springframework.beans.TypeConverterDelegate.doConvertValue(TypeConverterDelegate.java:427)
	at org.springframework.beans.TypeConverterDelegate.convertIfNecessary(TypeConverterDelegate.java:181)
	at org.springframework.beans.BeanWrapperImpl.convertIfNecessary(BeanWrapperImpl.java:448)
	... 64 more
 INFO [2018/09/25 17:46:23,158] main ContextLoader.initWebApplicationContext(line:285): Root WebApplicationContext: initialization started
DEBUG [2018/09/25 17:46:23,211] main StandardServletEnvironment.addLast(line:107): Adding [servletConfigInitParams] PropertySource with lowest search precedence
DEBUG [2018/09/25 17:46:23,212] main StandardServletEnvironment.addLast(line:107): Adding [servletContextInitParams] PropertySource with lowest search precedence
DEBUG [2018/09/25 17:46:23,215] main StandardServletEnvironment.addLast(line:107): Adding [jndiProperties] PropertySource with lowest search precedence
DEBUG [2018/09/25 17:46:23,216] main StandardServletEnvironment.addLast(line:107): Adding [systemProperties] PropertySource with lowest search precedence
DEBUG [2018/09/25 17:46:23,218] main StandardServletEnvironment.addLast(line:107): Adding [systemEnvironment] PropertySource with lowest search precedence
DEBUG [2018/09/25 17:46:23,219] main StandardServletEnvironment.<init>(line:126): Initialized StandardServletEnvironment with PropertySources [servletConfigInitParams,servletContextInitParams,jndiProperties,systemProperties,systemEnvironment]
DEBUG [2018/09/25 17:46:23,224] main StandardServletEnvironment.replace(line:172): Replacing [servletContextInitParams] PropertySource with [servletContextInitParams]
 INFO [2018/09/25 17:46:23,227] main XmlWebApplicationContext.prepareRefresh(line:510): Refreshing Root WebApplicationContext: startup date [Tue Sep 25 17:46:23 CST 2018]; root of context hierarchy
DEBUG [2018/09/25 17:46:23,258] main StandardEnvironment.addLast(line:107): Adding [systemProperties] PropertySource with lowest search precedence
DEBUG [2018/09/25 17:46:23,259] main StandardEnvironment.addLast(line:107): Adding [systemEnvironment] PropertySource with lowest search precedence
DEBUG [2018/09/25 17:46:23,259] main StandardEnvironment.<init>(line:126): Initialized StandardEnvironment with PropertySources [systemProperties,systemEnvironment]
 INFO [2018/09/25 17:46:23,263] main XmlBeanDefinitionReader.loadBeanDefinitions(line:315): Loading XML bean definitions from class path resource [application-context.xml]
DEBUG [2018/09/25 17:46:23,265] main DefaultDocumentLoader.loadDocument(line:72): Using JAXP provider [com.sun.org.apache.xerces.internal.jaxp.DocumentBuilderFactoryImpl]
DEBUG [2018/09/25 17:46:23,392] main PluggableSchemaResolver.getSchemaMappings(line:140): Loading schema mappings from [META-INF/spring.schemas]
DEBUG [2018/09/25 17:46:23,398] main PluggableSchemaResolver.getSchemaMappings(line:146): Loaded schema mappings: {http://mybatis.org/schema/mybatis-spring-1.2.xsd=org/mybatis/spring/config/mybatis-spring-1.2.xsd, http://www.springframework.org/schema/jee/spring-jee-3.2.xsd=org/springframework/ejb/config/spring-jee-3.2.xsd, http://www.springframework.org/schema/util/spring-util.xsd=org/springframework/beans/factory/xml/spring-util-3.2.xsd, http://www.springframework.org/schema/mvc/spring-mvc-3.1.xsd=org/springframework/web/servlet/config/spring-mvc-3.1.xsd, http://www.springframework.org/schema/task/spring-task.xsd=org/springframework/scheduling/config/spring-task-3.2.xsd, http://www.springframework.org/schema/beans/spring-beans-3.1.xsd=org/springframework/beans/factory/xml/spring-beans-3.1.xsd, http://www.springframework.org/schema/cache/spring-cache.xsd=org/springframework/cache/config/spring-cache-3.2.xsd, http://www.springframework.org/schema/aop/spring-aop-3.0.xsd=org/springframework/aop/config/spring-aop-3.0.xsd, http://www.springframework.org/schema/task/spring-task-3.1.xsd=org/springframework/scheduling/config/spring-task-3.1.xsd, http://www.springframework.org/schema/aop/spring-aop-2.0.xsd=org/springframework/aop/config/spring-aop-2.0.xsd, http://www.springframework.org/schema/tool/spring-tool-2.5.xsd=org/springframework/beans/factory/xml/spring-tool-2.5.xsd, http://www.springframework.org/schema/beans/spring-beans.xsd=org/springframework/beans/factory/xml/spring-beans-3.2.xsd, http://www.springframework.org/schema/jee/spring-jee-2.5.xsd=org/springframework/ejb/config/spring-jee-2.5.xsd, http://www.springframework.org/schema/jdbc/spring-jdbc-3.1.xsd=org/springframework/jdbc/config/spring-jdbc-3.1.xsd, http://www.springframework.org/schema/tool/spring-tool-3.1.xsd=org/springframework/beans/factory/xml/spring-tool-3.1.xsd, http://www.springframework.org/schema/jee/spring-jee-3.1.xsd=org/springframework/ejb/config/spring-jee-3.1.xsd, http://www.springframework.org/schema/aop/spring-aop.xsd=org/springframework/aop/config/spring-aop-3.2.xsd, http://www.springframework.org/schema/context/spring-context-3.2.xsd=org/springframework/context/config/spring-context-3.2.xsd, http://www.springframework.org/schema/tx/spring-tx-3.2.xsd=org/springframework/transaction/config/spring-tx-3.2.xsd, http://www.springframework.org/schema/beans/spring-beans-2.0.xsd=org/springframework/beans/factory/xml/spring-beans-2.0.xsd, http://www.springframework.org/schema/util/spring-util-3.2.xsd=org/springframework/beans/factory/xml/spring-util-3.2.xsd, http://www.springframework.org/schema/mvc/spring-mvc-3.0.xsd=org/springframework/web/servlet/config/spring-mvc-3.0.xsd, http://www.springframework.org/schema/lang/spring-lang-3.2.xsd=org/springframework/scripting/config/spring-lang-3.2.xsd, http://www.springframework.org/schema/beans/spring-beans-3.0.xsd=org/springframework/beans/factory/xml/spring-beans-3.0.xsd, http://www.springframework.org/schema/cache/spring-cache-3.2.xsd=org/springframework/cache/config/spring-cache-3.2.xsd, http://www.springframework.org/schema/task/spring-task-3.0.xsd=org/springframework/scheduling/config/spring-task-3.0.xsd, http://mybatis.org/schema/mybatis-spring.xsd=org/mybatis/spring/config/mybatis-spring-1.2.xsd, http://www.springframework.org/schema/context/spring-context-2.5.xsd=org/springframework/context/config/spring-context-2.5.xsd, http://www.springframework.org/schema/tx/spring-tx-2.5.xsd=org/springframework/transaction/config/spring-tx-2.5.xsd, http://www.springframework.org/schema/jdbc/spring-jdbc-3.0.xsd=org/springframework/jdbc/config/spring-jdbc-3.0.xsd, http://www.springframework.org/schema/tool/spring-tool-3.0.xsd=org/springframework/beans/factory/xml/spring-tool-3.0.xsd, http://www.springframework.org/schema/lang/spring-lang.xsd=org/springframework/scripting/config/spring-lang-3.2.xsd, http://www.springframework.org/schema/tx/spring-tx.xsd=org/springframework/transaction/config/spring-tx-3.2.xsd, http://www.springframework.org/schema/tool/spring-tool-2.0.xsd=org/springframework/beans/factory/xml/spring-tool-2.0.xsd, http://www.springframework.org/schema/util/spring-util-2.5.xsd=org/springframework/beans/factory/xml/spring-util-2.5.xsd, http://www.springframework.org/schema/lang/spring-lang-2.5.xsd=org/springframework/scripting/config/spring-lang-2.5.xsd, http://www.springframework.org/schema/aop/spring-aop-3.2.xsd=org/springframework/aop/config/spring-aop-3.2.xsd, http://www.springframework.org/schema/jee/spring-jee-3.0.xsd=org/springframework/ejb/config/spring-jee-3.0.xsd, http://www.springframework.org/schema/jee/spring-jee-2.0.xsd=org/springframework/ejb/config/spring-jee-2.0.xsd, http://www.springframework.org/schema/context/spring-context-3.1.xsd=org/springframework/context/config/spring-context-3.1.xsd, http://www.springframework.org/schema/tx/spring-tx-3.1.xsd=org/springframework/transaction/config/spring-tx-3.1.xsd, http://www.springframework.org/schema/util/spring-util-3.1.xsd=org/springframework/beans/factory/xml/spring-util-3.1.xsd, http://www.springframework.org/schema/lang/spring-lang-3.1.xsd=org/springframework/scripting/config/spring-lang-3.1.xsd, http://www.springframework.org/schema/cache/spring-cache-3.1.xsd=org/springframework/cache/config/spring-cache-3.1.xsd, http://www.springframework.org/schema/context/spring-context.xsd=org/springframework/context/config/spring-context-3.2.xsd, http://www.springframework.org/schema/jee/spring-jee.xsd=org/springframework/ejb/config/spring-jee-3.2.xsd, http://www.springframework.org/schema/aop/spring-aop-2.5.xsd=org/springframework/aop/config/spring-aop-2.5.xsd, http://www.springframework.org/schema/mvc/spring-mvc.xsd=org/springframework/web/servlet/config/spring-mvc-3.2.xsd, http://www.springframework.org/schema/mvc/spring-mvc-3.2.xsd=org/springframework/web/servlet/config/spring-mvc-3.2.xsd, http://www.springframework.org/schema/jdbc/spring-jdbc.xsd=org/springframework/jdbc/config/spring-jdbc-3.2.xsd, http://www.springframework.org/schema/beans/spring-beans-3.2.xsd=org/springframework/beans/factory/xml/spring-beans-3.2.xsd, http://www.springframework.org/schema/tx/spring-tx-2.0.xsd=org/springframework/transaction/config/spring-tx-2.0.xsd, http://www.springframework.org/schema/aop/spring-aop-3.1.xsd=org/springframework/aop/config/spring-aop-3.1.xsd, http://www.springframework.org/schema/task/spring-task-3.2.xsd=org/springframework/scheduling/config/spring-task-3.2.xsd, http://www.springframework.org/schema/context/spring-context-3.0.xsd=org/springframework/context/config/spring-context-3.0.xsd, http://www.springframework.org/schema/tx/spring-tx-3.0.xsd=org/springframework/transaction/config/spring-tx-3.0.xsd, http://www.springframework.org/schema/tool/spring-tool.xsd=org/springframework/beans/factory/xml/spring-tool-3.2.xsd, http://www.springframework.org/schema/util/spring-util-3.0.xsd=org/springframework/beans/factory/xml/spring-util-3.0.xsd, http://www.springframework.org/schema/lang/spring-lang-3.0.xsd=org/springframework/scripting/config/spring-lang-3.0.xsd, http://www.springframework.org/schema/util/spring-util-2.0.xsd=org/springframework/beans/factory/xml/spring-util-2.0.xsd, http://www.springframework.org/schema/lang/spring-lang-2.0.xsd=org/springframework/scripting/config/spring-lang-2.0.xsd, http://www.springframework.org/schema/jdbc/spring-jdbc-3.2.xsd=org/springframework/jdbc/config/spring-jdbc-3.2.xsd, http://www.springframework.org/schema/tool/spring-tool-3.2.xsd=org/springframework/beans/factory/xml/spring-tool-3.2.xsd, http://www.springframework.org/schema/beans/spring-beans-2.5.xsd=org/springframework/beans/factory/xml/spring-beans-2.5.xsd}
DEBUG [2018/09/25 17:46:23,419] main PluggableSchemaResolver.resolveEntity(line:118): Found XML schema [http://www.springframework.org/schema/beans/spring-beans-3.0.xsd] in classpath: org/springframework/beans/factory/xml/spring-beans-3.0.xsd
DEBUG [2018/09/25 17:46:23,488] main DefaultBeanDefinitionDocumentReader.registerBeanDefinitions(line:106): Loading bean definitions
 INFO [2018/09/25 17:46:23,499] main XmlBeanDefinitionReader.loadBeanDefinitions(line:315): Loading XML bean definitions from URL [jar:file:/C:/Users/hongming/.m2/repository/com/education/gkzx/gkzx-dao/1.0-SNAPSHOT/gkzx-dao-1.0-SNAPSHOT.jar!/applicationContext-dao.xml]
DEBUG [2018/09/25 17:46:23,501] main DefaultDocumentLoader.loadDocument(line:72): Using JAXP provider [com.sun.org.apache.xerces.internal.jaxp.DocumentBuilderFactoryImpl]
DEBUG [2018/09/25 17:46:23,504] main PluggableSchemaResolver.resolveEntity(line:118): Found XML schema [http://www.springframework.org/schema/beans/spring-beans.xsd] in classpath: org/springframework/beans/factory/xml/spring-beans-3.2.xsd
DEBUG [2018/09/25 17:46:23,519] main PluggableSchemaResolver.resolveEntity(line:118): Found XML schema [http://www.springframework.org/schema/tx/spring-tx-3.0.xsd] in classpath: org/springframework/transaction/config/spring-tx-3.0.xsd
DEBUG [2018/09/25 17:46:23,522] main PluggableSchemaResolver.resolveEntity(line:118): Found XML schema [http://www.springframework.org/schema/tool/spring-tool-3.0.xsd] in classpath: org/springframework/beans/factory/xml/spring-tool-3.0.xsd
DEBUG [2018/09/25 17:46:23,525] main DefaultBeanDefinitionDocumentReader.registerBeanDefinitions(line:106): Loading bean definitions
DEBUG [2018/09/25 17:46:23,541] main DefaultNamespaceHandlerResolver.getHandlerMappings(line:156): Loaded NamespaceHandler mappings: {http://www.springframework.org/schema/p=org.springframework.beans.factory.xml.SimplePropertyNamespaceHandler, http://www.springframework.org/schema/mvc=org.springframework.web.servlet.config.MvcNamespaceHandler, http://www.springframework.org/schema/util=org.springframework.beans.factory.xml.UtilNamespaceHandler, http://www.springframework.org/schema/jee=org.springframework.ejb.config.JeeNamespaceHandler, http://www.springframework.org/schema/aop=org.springframework.aop.config.AopNamespaceHandler, http://www.springframework.org/schema/jdbc=org.springframework.jdbc.config.JdbcNamespaceHandler, http://www.springframework.org/schema/cache=org.springframework.cache.config.CacheNamespaceHandler, http://mybatis.org/schema/mybatis-spring=org.mybatis.spring.config.NamespaceHandler, http://www.springframework.org/schema/c=org.springframework.beans.factory.xml.SimpleConstructorNamespaceHandler, http://www.springframework.org/schema/tx=org.springframework.transaction.config.TxNamespaceHandler, http://www.springframework.org/schema/task=org.springframework.scheduling.config.TaskNamespaceHandler, http://www.springframework.org/schema/lang=org.springframework.scripting.config.LangNamespaceHandler, http://www.springframework.org/schema/context=org.springframework.context.config.ContextNamespaceHandler}
DEBUG [2018/09/25 17:46:23,559] main BeanDefinitionParserDelegate.parseBeanDefinitionElement(line:500): Neither XML 'id' nor 'name' specified - using generated bean name [org.mybatis.spring.mapper.MapperScannerConfigurer#0]
DEBUG [2018/09/25 17:46:23,560] main XmlBeanDefinitionReader.loadBeanDefinitions(line:216): Loaded 10 bean definitions from location pattern [classpath*:applicationContext-dao.xml]
DEBUG [2018/09/25 17:46:23,560] main DefaultBeanDefinitionDocumentReader.importBeanDefinitionResource(line:252): Imported 10 bean definitions from URL location [classpath*:applicationContext-dao.xml]
 INFO [2018/09/25 17:46:23,562] main XmlBeanDefinitionReader.loadBeanDefinitions(line:315): Loading XML bean definitions from URL [jar:file:/C:/Users/hongming/.m2/repository/com/education/gkzx/gkzx-biz/1.0-SNAPSHOT/gkzx-biz-1.0-SNAPSHOT.jar!/applicationContext-biz.xml]
DEBUG [2018/09/25 17:46:23,564] main DefaultDocumentLoader.loadDocument(line:72): Using JAXP provider [com.sun.org.apache.xerces.internal.jaxp.DocumentBuilderFactoryImpl]
DEBUG [2018/09/25 17:46:23,566] main PluggableSchemaResolver.resolveEntity(line:118): Found XML schema [http://www.springframework.org/schema/beans/spring-beans.xsd] in classpath: org/springframework/beans/factory/xml/spring-beans-3.2.xsd
DEBUG [2018/09/25 17:46:23,577] main PluggableSchemaResolver.resolveEntity(line:118): Found XML schema [http://www.springframework.org/schema/context/spring-context.xsd] in classpath: org/springframework/context/config/spring-context-3.2.xsd
DEBUG [2018/09/25 17:46:23,580] main PluggableSchemaResolver.resolveEntity(line:118): Found XML schema [http://www.springframework.org/schema/tool/spring-tool-3.2.xsd] in classpath: org/springframework/beans/factory/xml/spring-tool-3.2.xsd
DEBUG [2018/09/25 17:46:23,584] main DefaultBeanDefinitionDocumentReader.registerBeanDefinitions(line:106): Loading bean definitions
DEBUG [2018/09/25 17:46:23,607] main StandardEnvironment.addLast(line:107): Adding [systemProperties] PropertySource with lowest search precedence
DEBUG [2018/09/25 17:46:23,609] main StandardEnvironment.addLast(line:107): Adding [systemEnvironment] PropertySource with lowest search precedence
DEBUG [2018/09/25 17:46:23,610] main StandardEnvironment.<init>(line:126): Initialized StandardEnvironment with PropertySources [systemProperties,systemEnvironment]
DEBUG [2018/09/25 17:46:23,622] main PathMatchingResourcePatternResolver.findPathMatchingResources(line:354): Resolved location pattern [classpath*:com/education/gkzx/biz/**/*.class] to resources []
DEBUG [2018/09/25 17:46:23,622] main XmlBeanDefinitionReader.loadBeanDefinitions(line:216): Loaded 4 bean definitions from location pattern [classpath*:applicationContext-biz.xml]
DEBUG [2018/09/25 17:46:23,623] main DefaultBeanDefinitionDocumentReader.importBeanDefinitionResource(line:252): Imported 4 bean definitions from URL location [classpath*:applicationContext-biz.xml]
DEBUG [2018/09/25 17:46:23,624] main XmlBeanDefinitionReader.loadBeanDefinitions(line:216): Loaded 0 bean definitions from location pattern [classpath*:applicationContext-consumer.xml]
DEBUG [2018/09/25 17:46:23,624] main DefaultBeanDefinitionDocumentReader.importBeanDefinitionResource(line:252): Imported 0 bean definitions from URL location [classpath*:applicationContext-consumer.xml]
DEBUG [2018/09/25 17:46:23,625] main XmlBeanDefinitionReader.loadBeanDefinitions(line:216): Loaded 14 bean definitions from location pattern [classpath:application-context.xml]
DEBUG [2018/09/25 17:46:23,625] main XmlWebApplicationContext.obtainFreshBeanFactory(line:540): Bean factory for Root WebApplicationContext: org.springframework.beans.factory.support.DefaultListableBeanFactory@68e62ca4: defining beans [dataSource,sqlSessionFactory,sqlSession,jdbTransactionManager,transactionTemplate,org.springframework.aop.config.internalAutoProxyCreator,org.springframework.transaction.annotation.AnnotationTransactionAttributeSource#0,org.springframework.transaction.interceptor.TransactionInterceptor#0,org.springframework.transaction.config.internalTransactionAdvisor,org.mybatis.spring.mapper.MapperScannerConfigurer#0,org.springframework.context.annotation.internalConfigurationAnnotationProcessor,org.springframework.context.annotation.internalAutowiredAnnotationProcessor,org.springframework.context.annotation.internalRequiredAnnotationProcessor,org.springframework.context.annotation.internalCommonAnnotationProcessor]; root of factory hierarchy
DEBUG [2018/09/25 17:46:23,656] main DefaultListableBeanFactory.getSingleton(line:215): Creating shared instance of singleton bean 'org.mybatis.spring.mapper.MapperScannerConfigurer#0'
DEBUG [2018/09/25 17:46:23,657] main DefaultListableBeanFactory.createBean(line:432): Creating instance of bean 'org.mybatis.spring.mapper.MapperScannerConfigurer#0'
DEBUG [2018/09/25 17:46:23,674] main DefaultListableBeanFactory.doCreateBean(line:506): Eagerly caching bean 'org.mybatis.spring.mapper.MapperScannerConfigurer#0' to allow for resolving potential circular references
DEBUG [2018/09/25 17:46:23,729] main DefaultListableBeanFactory.invokeInitMethods(line:1555): Invoking afterPropertiesSet() on bean with name 'org.mybatis.spring.mapper.MapperScannerConfigurer#0'
DEBUG [2018/09/25 17:46:23,731] main DefaultListableBeanFactory.createBean(line:460): Finished creating instance of bean 'org.mybatis.spring.mapper.MapperScannerConfigurer#0'
DEBUG [2018/09/25 17:46:23,732] main DefaultListableBeanFactory.getSingleton(line:215): Creating shared instance of singleton bean 'org.springframework.context.annotation.internalConfigurationAnnotationProcessor'
DEBUG [2018/09/25 17:46:23,733] main DefaultListableBeanFactory.createBean(line:432): Creating instance of bean 'org.springframework.context.annotation.internalConfigurationAnnotationProcessor'
DEBUG [2018/09/25 17:46:23,738] main DefaultListableBeanFactory.doCreateBean(line:506): Eagerly caching bean 'org.springframework.context.annotation.internalConfigurationAnnotationProcessor' to allow for resolving potential circular references
DEBUG [2018/09/25 17:46:23,739] main DefaultListableBeanFactory.createBean(line:460): Finished creating instance of bean 'org.springframework.context.annotation.internalConfigurationAnnotationProcessor'
DEBUG [2018/09/25 17:46:23,798] main StandardEnvironment.addLast(line:107): Adding [systemProperties] PropertySource with lowest search precedence
DEBUG [2018/09/25 17:46:23,798] main StandardEnvironment.addLast(line:107): Adding [systemEnvironment] PropertySource with lowest search precedence
DEBUG [2018/09/25 17:46:23,799] main StandardEnvironment.<init>(line:126): Initialized StandardEnvironment with PropertySources [systemProperties,systemEnvironment]
DEBUG [2018/09/25 17:46:23,805] main PathMatchingResourcePatternResolver.findPathMatchingResources(line:354): Resolved location pattern [classpath*:com/education/gkzx/dao/mapper/**/*.class] to resources []
 WARN [2018/09/25 17:46:23,805] main ClassPathMapperScanner.doScan(line:167): No MyBatis mapper was found in '[com.education.gkzx.dao.mapper]' package. Please check your configuration.
DEBUG [2018/09/25 17:46:23,810] main DefaultListableBeanFactory.getSingleton(line:215): Creating shared instance of singleton bean 'org.springframework.context.annotation.internalAutowiredAnnotationProcessor'
DEBUG [2018/09/25 17:46:23,810] main DefaultListableBeanFactory.createBean(line:432): Creating instance of bean 'org.springframework.context.annotation.internalAutowiredAnnotationProcessor'
DEBUG [2018/09/25 17:46:23,812] main DefaultListableBeanFactory.doCreateBean(line:506): Eagerly caching bean 'org.springframework.context.annotation.internalAutowiredAnnotationProcessor' to allow for resolving potential circular references
DEBUG [2018/09/25 17:46:23,812] main DefaultListableBeanFactory.createBean(line:460): Finished creating instance of bean 'org.springframework.context.annotation.internalAutowiredAnnotationProcessor'
DEBUG [2018/09/25 17:46:23,814] main DefaultListableBeanFactory.getSingleton(line:215): Creating shared instance of singleton bean 'org.springframework.context.annotation.internalRequiredAnnotationProcessor'
DEBUG [2018/09/25 17:46:23,814] main DefaultListableBeanFactory.createBean(line:432): Creating instance of bean 'org.springframework.context.annotation.internalRequiredAnnotationProcessor'
DEBUG [2018/09/25 17:46:23,839] main DefaultListableBeanFactory.doCreateBean(line:506): Eagerly caching bean 'org.springframework.context.annotation.internalRequiredAnnotationProcessor' to allow for resolving potential circular references
DEBUG [2018/09/25 17:46:23,839] main DefaultListableBeanFactory.createBean(line:460): Finished creating instance of bean 'org.springframework.context.annotation.internalRequiredAnnotationProcessor'
DEBUG [2018/09/25 17:46:23,839] main DefaultListableBeanFactory.getSingleton(line:215): Creating shared instance of singleton bean 'org.springframework.context.annotation.internalCommonAnnotationProcessor'
DEBUG [2018/09/25 17:46:23,840] main DefaultListableBeanFactory.createBean(line:432): Creating instance of bean 'org.springframework.context.annotation.internalCommonAnnotationProcessor'
DEBUG [2018/09/25 17:46:23,843] main DefaultListableBeanFactory.doCreateBean(line:506): Eagerly caching bean 'org.springframework.context.annotation.internalCommonAnnotationProcessor' to allow for resolving potential circular references
DEBUG [2018/09/25 17:46:23,844] main DefaultListableBeanFactory.createBean(line:460): Finished creating instance of bean 'org.springframework.context.annotation.internalCommonAnnotationProcessor'
DEBUG [2018/09/25 17:46:23,844] main DefaultListableBeanFactory.getSingleton(line:215): Creating shared instance of singleton bean 'org.springframework.context.annotation.ConfigurationClassPostProcessor.importAwareProcessor'
DEBUG [2018/09/25 17:46:23,845] main DefaultListableBeanFactory.createBean(line:432): Creating instance of bean 'org.springframework.context.annotation.ConfigurationClassPostProcessor.importAwareProcessor'
DEBUG [2018/09/25 17:46:23,845] main DefaultListableBeanFactory.doCreateBean(line:506): Eagerly caching bean 'org.springframework.context.annotation.ConfigurationClassPostProcessor.importAwareProcessor' to allow for resolving potential circular references
DEBUG [2018/09/25 17:46:23,845] main DefaultListableBeanFactory.createBean(line:460): Finished creating instance of bean 'org.springframework.context.annotation.ConfigurationClassPostProcessor.importAwareProcessor'
DEBUG [2018/09/25 17:46:23,846] main DefaultListableBeanFactory.getSingleton(line:215): Creating shared instance of singleton bean 'org.springframework.aop.config.internalAutoProxyCreator'
DEBUG [2018/09/25 17:46:23,848] main DefaultListableBeanFactory.createBean(line:432): Creating instance of bean 'org.springframework.aop.config.internalAutoProxyCreator'
DEBUG [2018/09/25 17:46:23,857] main DefaultListableBeanFactory.doCreateBean(line:506): Eagerly caching bean 'org.springframework.aop.config.internalAutoProxyCreator' to allow for resolving potential circular references
DEBUG [2018/09/25 17:46:23,873] main DefaultListableBeanFactory.createBean(line:460): Finished creating instance of bean 'org.springframework.aop.config.internalAutoProxyCreator'
DEBUG [2018/09/25 17:46:23,875] main XmlWebApplicationContext.initMessageSource(line:807): Unable to locate MessageSource with name 'messageSource': using default [org.springframework.context.support.DelegatingMessageSource@6e1f8469]
DEBUG [2018/09/25 17:46:23,878] main XmlWebApplicationContext.initApplicationEventMulticaster(line:831): Unable to locate ApplicationEventMulticaster with name 'applicationEventMulticaster': using default [org.springframework.context.event.SimpleApplicationEventMulticaster@652ab8d9]
DEBUG [2018/09/25 17:46:23,880] main UiApplicationContextUtils.initThemeSource(line:85): Unable to locate ThemeSource with name 'themeSource': using default [org.springframework.ui.context.support.ResourceBundleThemeSource@25a73de1]
 INFO [2018/09/25 17:46:23,887] main DefaultListableBeanFactory.preInstantiateSingletons(line:603): Pre-instantiating singletons in org.springframework.beans.factory.support.DefaultListableBeanFactory@68e62ca4: defining beans [dataSource,sqlSessionFactory,sqlSession,jdbTransactionManager,transactionTemplate,org.springframework.aop.config.internalAutoProxyCreator,org.springframework.transaction.annotation.AnnotationTransactionAttributeSource#0,org.springframework.transaction.interceptor.TransactionInterceptor#0,org.springframework.transaction.config.internalTransactionAdvisor,org.mybatis.spring.mapper.MapperScannerConfigurer#0,org.springframework.context.annotation.internalConfigurationAnnotationProcessor,org.springframework.context.annotation.internalAutowiredAnnotationProcessor,org.springframework.context.annotation.internalRequiredAnnotationProcessor,org.springframework.context.annotation.internalCommonAnnotationProcessor,org.springframework.context.annotation.ConfigurationClassPostProcessor.importAwareProcessor]; root of factory hierarchy
DEBUG [2018/09/25 17:46:23,890] main DefaultListableBeanFactory.getSingleton(line:215): Creating shared instance of singleton bean 'dataSource'
DEBUG [2018/09/25 17:46:23,890] main DefaultListableBeanFactory.createBean(line:432): Creating instance of bean 'dataSource'
 INFO [2018/09/25 17:46:23,915] main MLog.<clinit>(line:80): MLog clients using log4j logging.
 INFO [2018/09/25 17:46:24,097] main C3P0Registry.banner(line:204): Initializing c3p0-0.9.1.2 [built 21-May-2007 15:04:56; debug? true; trace: 10]
DEBUG [2018/09/25 17:46:24,126] main DynamicPooledDataSourceManagerMBean.reinitialize(line:236): MBean: com.mchange.v2.c3p0:type=PooledDataSource[1br2osr9y4h1kzaddrrl8|1b005a0b] registered.
DEBUG [2018/09/25 17:46:24,156] main DefaultListableBeanFactory.doCreateBean(line:506): Eagerly caching bean 'dataSource' to allow for resolving potential circular references
 INFO [2018/09/25 17:46:24,182] main DefaultListableBeanFactory.destroySingletons(line:444): Destroying singletons in org.springframework.beans.factory.support.DefaultListableBeanFactory@68e62ca4: defining beans [dataSource,sqlSessionFactory,sqlSession,jdbTransactionManager,transactionTemplate,org.springframework.aop.config.internalAutoProxyCreator,org.springframework.transaction.annotation.AnnotationTransactionAttributeSource#0,org.springframework.transaction.interceptor.TransactionInterceptor#0,org.springframework.transaction.config.internalTransactionAdvisor,org.mybatis.spring.mapper.MapperScannerConfigurer#0,org.springframework.context.annotation.internalConfigurationAnnotationProcessor,org.springframework.context.annotation.internalAutowiredAnnotationProcessor,org.springframework.context.annotation.internalRequiredAnnotationProcessor,org.springframework.context.annotation.internalCommonAnnotationProcessor,org.springframework.context.annotation.ConfigurationClassPostProcessor.importAwareProcessor]; root of factory hierarchy
ERROR [2018/09/25 17:46:24,185] main ContextLoader.initWebApplicationContext(line:331): Context initialization failed
org.springframework.beans.factory.BeanCreationException: Error creating bean with name 'dataSource' defined in URL [jar:file:/C:/Users/hongming/.m2/repository/com/education/gkzx/gkzx-dao/1.0-SNAPSHOT/gkzx-dao-1.0-SNAPSHOT.jar!/applicationContext-dao.xml]: Initialization of bean failed; nested exception is org.springframework.beans.TypeMismatchException: Failed to convert property value of type 'java.lang.String' to required type 'int' for property 'maxPoolSize'; nested exception is java.lang.NumberFormatException: For input string: "${jdbc.maxPoolSize}"
	at org.springframework.beans.factory.support.AbstractAutowireCapableBeanFactory.doCreateBean(AbstractAutowireCapableBeanFactory.java:529)
	at org.springframework.beans.factory.support.AbstractAutowireCapableBeanFactory.createBean(AbstractAutowireCapableBeanFactory.java:458)
	at org.springframework.beans.factory.support.AbstractBeanFactory$1.getObject(AbstractBeanFactory.java:296)
	at org.springframework.beans.factory.support.DefaultSingletonBeanRegistry.getSingleton(DefaultSingletonBeanRegistry.java:223)
	at org.springframework.beans.factory.support.AbstractBeanFactory.doGetBean(AbstractBeanFactory.java:293)
	at org.springframework.beans.factory.support.AbstractBeanFactory.getBean(AbstractBeanFactory.java:194)
	at org.springframework.beans.factory.support.DefaultListableBeanFactory.preInstantiateSingletons(DefaultListableBeanFactory.java:633)
	at org.springframework.context.support.AbstractApplicationContext.finishBeanFactoryInitialization(AbstractApplicationContext.java:932)
	at org.springframework.context.support.AbstractApplicationContext.refresh(AbstractApplicationContext.java:479)
	at org.springframework.web.context.ContextLoader.configureAndRefreshWebApplicationContext(ContextLoader.java:410)
	at org.springframework.web.context.ContextLoader.initWebApplicationContext(ContextLoader.java:306)
	at org.springframework.web.context.ContextLoaderListener.contextInitialized(ContextLoaderListener.java:112)
	at org.mortbay.jetty.handler.ContextHandler.startContext(ContextHandler.java:548)
	at org.mortbay.jetty.servlet.Context.startContext(Context.java:136)
	at org.mortbay.jetty.webapp.WebAppContext.startContext(WebAppContext.java:1250)
	at org.mortbay.jetty.handler.ContextHandler.doStart(ContextHandler.java:517)
	at org.mortbay.jetty.webapp.WebAppContext.doStart(WebAppContext.java:467)
	at org.mortbay.jetty.plugin.Jetty6PluginWebAppContext.doStart(Jetty6PluginWebAppContext.java:115)
	at org.mortbay.component.AbstractLifeCycle.start(AbstractLifeCycle.java:50)
	at org.mortbay.jetty.handler.HandlerCollection.doStart(HandlerCollection.java:152)
	at org.mortbay.jetty.handler.ContextHandlerCollection.doStart(ContextHandlerCollection.java:156)
	at org.mortbay.component.AbstractLifeCycle.start(AbstractLifeCycle.java:50)
	at org.mortbay.jetty.handler.HandlerCollection.doStart(HandlerCollection.java:152)
	at org.mortbay.component.AbstractLifeCycle.start(AbstractLifeCycle.java:50)
	at org.mortbay.jetty.handler.HandlerWrapper.doStart(HandlerWrapper.java:130)
	at org.mortbay.jetty.Server.doStart(Server.java:224)
	at org.mortbay.component.AbstractLifeCycle.start(AbstractLifeCycle.java:50)
	at org.mortbay.jetty.plugin.Jetty6PluginServer.start(Jetty6PluginServer.java:132)
	at org.mortbay.jetty.plugin.AbstractJettyMojo.startJetty(AbstractJettyMojo.java:441)
	at org.mortbay.jetty.plugin.AbstractJettyMojo.execute(AbstractJettyMojo.java:383)
	at org.mortbay.jetty.plugin.AbstractJettyRunMojo.execute(AbstractJettyRunMojo.java:210)
	at org.mortbay.jetty.plugin.Jetty6RunMojo.execute(Jetty6RunMojo.java:184)
	at org.apache.maven.plugin.DefaultBuildPluginManager.executeMojo(DefaultBuildPluginManager.java:101)
	at org.apache.maven.lifecycle.internal.MojoExecutor.execute(MojoExecutor.java:209)
	at org.apache.maven.lifecycle.internal.MojoExecutor.execute(MojoExecutor.java:153)
	at org.apache.maven.lifecycle.internal.MojoExecutor.execute(MojoExecutor.java:145)
	at org.apache.maven.lifecycle.internal.LifecycleModuleBuilder.buildProject(LifecycleModuleBuilder.java:84)
	at org.apache.maven.lifecycle.internal.LifecycleModuleBuilder.buildProject(LifecycleModuleBuilder.java:59)
	at org.apache.maven.lifecycle.internal.LifecycleStarter.singleThreadedBuild(LifecycleStarter.java:183)
	at org.apache.maven.lifecycle.internal.LifecycleStarter.execute(LifecycleStarter.java:161)
	at org.apache.maven.DefaultMaven.doExecute(DefaultMaven.java:320)
	at org.apache.maven.DefaultMaven.execute(DefaultMaven.java:156)
	at org.apache.maven.cli.MavenCli.execute(MavenCli.java:537)
	at org.apache.maven.cli.MavenCli.doMain(MavenCli.java:196)
	at org.apache.maven.cli.MavenCli.main(MavenCli.java:141)
	at sun.reflect.NativeMethodAccessorImpl.invoke0(Native Method)
	at sun.reflect.NativeMethodAccessorImpl.invoke(NativeMethodAccessorImpl.java:62)
	at sun.reflect.DelegatingMethodAccessorImpl.invoke(DelegatingMethodAccessorImpl.java:43)
	at java.lang.reflect.Method.invoke(Method.java:498)
	at org.codehaus.plexus.classworlds.launcher.Launcher.launchEnhanced(Launcher.java:290)
	at org.codehaus.plexus.classworlds.launcher.Launcher.launch(Launcher.java:230)
	at org.codehaus.plexus.classworlds.launcher.Launcher.mainWithExitCode(Launcher.java:409)
	at org.codehaus.plexus.classworlds.launcher.Launcher.main(Launcher.java:352)
	at org.codehaus.classworlds.Launcher.main(Launcher.java:47)
	at sun.reflect.NativeMethodAccessorImpl.invoke0(Native Method)
	at sun.reflect.NativeMethodAccessorImpl.invoke(NativeMethodAccessorImpl.java:62)
	at sun.reflect.DelegatingMethodAccessorImpl.invoke(DelegatingMethodAccessorImpl.java:43)
	at java.lang.reflect.Method.invoke(Method.java:498)
	at com.intellij.rt.execution.application.AppMain.main(AppMain.java:144)
Caused by: org.springframework.beans.TypeMismatchException: Failed to convert property value of type 'java.lang.String' to required type 'int' for property 'maxPoolSize'; nested exception is java.lang.NumberFormatException: For input string: "${jdbc.maxPoolSize}"
	at org.springframework.beans.BeanWrapperImpl.convertIfNecessary(BeanWrapperImpl.java:468)
	at org.springframework.beans.BeanWrapperImpl.convertForProperty(BeanWrapperImpl.java:494)
	at org.springframework.beans.BeanWrapperImpl.convertForProperty(BeanWrapperImpl.java:488)
	at org.springframework.beans.factory.support.AbstractAutowireCapableBeanFactory.convertForProperty(AbstractAutowireCapableBeanFactory.java:1463)
	at org.springframework.beans.factory.support.AbstractAutowireCapableBeanFactory.applyPropertyValues(AbstractAutowireCapableBeanFactory.java:1422)
	at org.springframework.beans.factory.support.AbstractAutowireCapableBeanFactory.populateBean(AbstractAutowireCapableBeanFactory.java:1158)
	at org.springframework.beans.factory.support.AbstractAutowireCapableBeanFactory.doCreateBean(AbstractAutowireCapableBeanFactory.java:519)
	... 58 more
Caused by: java.lang.NumberFormatException: For input string: "${jdbc.maxPoolSize}"
	at java.lang.NumberFormatException.forInputString(NumberFormatException.java:65)
	at java.lang.Integer.parseInt(Integer.java:569)
	at java.lang.Integer.valueOf(Integer.java:766)
	at org.springframework.util.NumberUtils.parseNumber(NumberUtils.java:155)
	at org.springframework.beans.propertyeditors.CustomNumberEditor.setAsText(CustomNumberEditor.java:115)
	at org.springframework.beans.TypeConverterDelegate.doConvertTextValue(TypeConverterDelegate.java:455)
	at org.springframework.beans.TypeConverterDelegate.doConvertValue(TypeConverterDelegate.java:427)
	at org.springframework.beans.TypeConverterDelegate.convertIfNecessary(TypeConverterDelegate.java:181)
	at org.springframework.beans.BeanWrapperImpl.convertIfNecessary(BeanWrapperImpl.java:448)
	... 64 more
